%Warning-DECLFILENAME: rtl/fft_core.v:8:8: Filename 'fft_core' does not match MODULE name: 'prim_arbiter_ppc'
    8 | module prim_arbiter_ppc (
      |        ^~~~~~~~~~~~~~~~
                       ... For warning description see https://verilator.org/warn/DECLFILENAME?v=5.036
                       ... Use "/* verilator lint_off DECLFILENAME */" and lint_on around source to disable this message.
%Warning-PINCONNECTEMPTY: rtl/fft_core.v:2096:6: Cell pin connected by name with empty reference: 'cnt_after_commit_o'
 2096 |     .cnt_after_commit_o(),
      |      ^~~~~~~~~~~~~~~~~~
                          ... For warning description see https://verilator.org/warn/PINCONNECTEMPTY?v=5.036
                          ... Use "/* verilator lint_off PINCONNECTEMPTY */" and lint_on around source to disable this message.
%Warning-PINCONNECTEMPTY: rtl/fft_core.v:2116:6: Cell pin connected by name with empty reference: 'cnt_after_commit_o'
 2116 |     .cnt_after_commit_o(),
      |      ^~~~~~~~~~~~~~~~~~
%Warning-PINCONNECTEMPTY: rtl/fft_core.v:5314:4: Cell pin connected by name with empty reference: 'full_o'
 5314 |   .full_o(),
      |    ^~~~~~
%Warning-PINCONNECTEMPTY: rtl/fft_core.v:5315:4: Cell pin connected by name with empty reference: 'depth_o'
 5315 |   .depth_o(),
      |    ^~~~~~~
%Warning-PINCONNECTEMPTY: rtl/fft_core.v:5331:4: Cell pin connected by name with empty reference: 'rvalid_o'
 5331 |   .rvalid_o(),
      |    ^~~~~~~~
%Warning-PINCONNECTEMPTY: rtl/fft_core.v:5334:4: Cell pin connected by name with empty reference: 'full_o'
 5334 |   .full_o(),
      |    ^~~~~~
%Warning-PINCONNECTEMPTY: rtl/fft_core.v:5335:4: Cell pin connected by name with empty reference: 'depth_o'
 5335 |   .depth_o(),
      |    ^~~~~~~
%Warning-PINCONNECTEMPTY: rtl/fft_core.v:5354:6: Cell pin connected by name with empty reference: 'rvalid_o'
 5354 |     .rvalid_o(),
      |      ^~~~~~~~
%Warning-PINCONNECTEMPTY: rtl/fft_core.v:5357:6: Cell pin connected by name with empty reference: 'full_o'
 5357 |     .full_o(),
      |      ^~~~~~
%Warning-PINCONNECTEMPTY: rtl/fft_core.v:5358:6: Cell pin connected by name with empty reference: 'depth_o'
 5358 |     .depth_o(),
      |      ^~~~~~~
%Warning-PINCONNECTEMPTY: rtl/fft_core.v:5359:6: Cell pin connected by name with empty reference: 'err_o'
 5359 |     .err_o()
      |      ^~~~~
%Warning-PINCONNECTEMPTY: rtl/fft_core.v:5389:4: Cell pin connected by name with empty reference: 'full_o'
 5389 |   .full_o(),
      |    ^~~~~~
%Warning-PINCONNECTEMPTY: rtl/fft_core.v:5390:4: Cell pin connected by name with empty reference: 'depth_o'
 5390 |   .depth_o(),
      |    ^~~~~~~
%Warning-PINCONNECTEMPTY: rtl/fft_core.v:6142:4: Cell pin connected by name with empty reference: 'data_o'
 6142 |   .data_o(),
      |    ^~~~~~
%Warning-PINCONNECTEMPTY: rtl/fft_core.v:6143:4: Cell pin connected by name with empty reference: 'syndrome_o'
 6143 |   .syndrome_o(),
      |    ^~~~~~~~~~
%Warning-PINCONNECTEMPTY: rtl/fft_core.v:6317:4: Cell pin connected by name with empty reference: 'data_o'
 6317 |   .data_o(),
      |    ^~~~~~
%Warning-PINCONNECTEMPTY: rtl/fft_core.v:6318:4: Cell pin connected by name with empty reference: 'syndrome_o'
 6318 |   .syndrome_o(),
      |    ^~~~~~~~~~
%Warning-PINCONNECTEMPTY: rtl/fft_core.v:6687:4: Cell pin connected by name with empty reference: 'wdepth_o'
 6687 |   .wdepth_o(),
      |    ^~~~~~~~
%Warning-PINCONNECTEMPTY: rtl/fft_core.v:6688:4: Cell pin connected by name with empty reference: 'rdepth_o'
 6688 |   .rdepth_o()
      |    ^~~~~~~~
%Warning-PINCONNECTEMPTY: rtl/fft_core.v:6708:4: Cell pin connected by name with empty reference: 'wdepth_o'
 6708 |   .wdepth_o(),
      |    ^~~~~~~~
%Warning-PINCONNECTEMPTY: rtl/fft_core.v:6709:4: Cell pin connected by name with empty reference: 'rdepth_o'
 6709 |   .rdepth_o()
      |    ^~~~~~~~
%Warning-PINCONNECTEMPTY: rtl/fft_core.v:6790:4: Cell pin connected by name with empty reference: 'full_o'
 6790 |   .full_o(),
      |    ^~~~~~
%Warning-PINCONNECTEMPTY: rtl/fft_core.v:6791:4: Cell pin connected by name with empty reference: 'depth_o'
 6791 |   .depth_o(),
      |    ^~~~~~~
%Warning-PINCONNECTEMPTY: rtl/fft_core.v:6792:4: Cell pin connected by name with empty reference: 'err_o'
 6792 |   .err_o()
      |    ^~~~~
%Warning-PINCONNECTEMPTY: rtl/fft_core.v:6811:4: Cell pin connected by name with empty reference: 'full_o'
 6811 |   .full_o(),
      |    ^~~~~~
%Warning-PINCONNECTEMPTY: rtl/fft_core.v:6812:4: Cell pin connected by name with empty reference: 'depth_o'
 6812 |   .depth_o(),
      |    ^~~~~~~
%Warning-PINCONNECTEMPTY: rtl/fft_core.v:6813:4: Cell pin connected by name with empty reference: 'err_o'
 6813 |   .err_o()
      |    ^~~~~
%Warning-PINCONNECTEMPTY: rtl/fft_core.v:6872:4: Cell pin connected by name with empty reference: 'data_o'
 6872 |   .data_o(),
      |    ^~~~~~
%Warning-PINCONNECTEMPTY: rtl/fft_core.v:6873:4: Cell pin connected by name with empty reference: 'syndrome_o'
 6873 |   .syndrome_o(),
      |    ^~~~~~~~~~
%Warning-PINCONNECTEMPTY: rtl/fft_core.v:7129:4: Cell pin connected by name with empty reference: 'spare_rsp_o'
 7129 |   .spare_rsp_o()
      |    ^~~~~~~~~~~
%Warning-PINCONNECTEMPTY: rtl/fft_core.v:7478:6: Cell pin connected by name with empty reference: 'spare_req_o'
 7478 |     .spare_req_o(),
      |      ^~~~~~~~~~~
%Warning-PINCONNECTEMPTY: rtl/fft_core.v:7480:6: Cell pin connected by name with empty reference: 'spare_rsp_o'
 7480 |     .spare_rsp_o()
      |      ^~~~~~~~~~~
%Warning-PINCONNECTEMPTY: rtl/fft_core.v:7688:6: Cell pin connected by name with empty reference: 'spare_req_o'
 7688 |     .spare_req_o(),
      |      ^~~~~~~~~~~
%Warning-PINCONNECTEMPTY: rtl/fft_core.v:7690:6: Cell pin connected by name with empty reference: 'spare_rsp_o'
 7690 |     .spare_rsp_o()
      |      ^~~~~~~~~~~
%Warning-PINCONNECTEMPTY: rtl/fft_core.v:7709:4: Cell pin connected by name with empty reference: 'spare_req_o'
 7709 |   .spare_req_o(),
      |    ^~~~~~~~~~~
%Warning-PINCONNECTEMPTY: rtl/fft_core.v:7711:4: Cell pin connected by name with empty reference: 'spare_rsp_o'
 7711 |   .spare_rsp_o()
      |    ^~~~~~~~~~~
%Warning-PINCONNECTEMPTY: rtl/fft_core.v:7739:6: Cell pin connected by name with empty reference: 'idx_o'
 7739 |     .idx_o(),
      |      ^~~~~
%Warning-PINCONNECTEMPTY: rtl/fft_core.v:7757:6: Cell pin connected by name with empty reference: 'idx_o'
 7757 |     .idx_o(),
      |      ^~~~~
%Warning-PINCONNECTEMPTY: rtl/fft_core.v:8414:6: Cell pin connected by name with empty reference: 'rvalid_o'
 8414 |     .rvalid_o(),
      |      ^~~~~~~~
%Warning-PINCONNECTEMPTY: rtl/fft_core.v:8417:6: Cell pin connected by name with empty reference: 'full_o'
 8417 |     .full_o(),
      |      ^~~~~~
%Warning-PINCONNECTEMPTY: rtl/fft_core.v:8418:6: Cell pin connected by name with empty reference: 'depth_o'
 8418 |     .depth_o(),
      |      ^~~~~~~
%Warning-PINCONNECTEMPTY: rtl/fft_core.v:8419:6: Cell pin connected by name with empty reference: 'err_o'
 8419 |     .err_o()
      |      ^~~~~
%Warning-PINCONNECTEMPTY: rtl/fft_core.v:8545:6: Cell pin connected by name with empty reference: 'rvalid_o'
 8545 |     .rvalid_o(),
      |      ^~~~~~~~
%Warning-PINCONNECTEMPTY: rtl/fft_core.v:8548:6: Cell pin connected by name with empty reference: 'full_o'
 8548 |     .full_o(),
      |      ^~~~~~
%Warning-PINCONNECTEMPTY: rtl/fft_core.v:8550:6: Cell pin connected by name with empty reference: 'err_o'
 8550 |     .err_o()
      |      ^~~~~
%Warning-MULTITOP: rtl/fft_core.v:1094:8: Multiple top level modules
                                        : ... Suggest see manual; fix the duplicates, or use --top-module to select top.
                   ... For warning description see https://verilator.org/warn/MULTITOP?v=5.036
                   ... Use "/* verilator lint_off MULTITOP */" and lint_on around source to disable this message.
                                        : ... Top module 'prim_cdc_rand_delay'
  311 | module prim_cdc_rand_delay (
      |        ^~~~~~~~~~~~~~~~~~~
                                        : ... Top module 'prim_fifo_async_simple'
 1094 | module prim_fifo_async_simple (
      |        ^~~~~~~~~~~~~~~~~~~~~~
                                        : ... Top module 'prim_fifo_async_sram_adapter'
 1197 | module prim_fifo_async_sram_adapter (
      |        ^~~~~~~~~~~~~~~~~~~~~~~~~~~~
                                        : ... Top module 'prim_filter'
 2158 | module prim_filter (
      |        ^~~~~~~~~~~
                                        : ... Top module 'prim_filter_ctr'
 2232 | module prim_filter_ctr (
      |        ^~~~~~~~~~~~~~~
                                        : ... Top module 'prim_subreg'
 2735 | module prim_subreg (
      |        ^~~~~~~~~~~
                                        : ... Top module 'prim_subreg_ext'
 3419 | module prim_subreg_ext (
      |        ^~~~~~~~~~~~~~~
                                        : ... Top module 'sram2tlul'
 3820 | module sram2tlul (
      |        ^~~~~~~~~
                                        : ... Top module 'tlul_adapter_host'
 3928 | module tlul_adapter_host (
      |        ^~~~~~~~~~~~~~~~~
                                        : ... Top module 'tlul_adapter_reg'
 4220 | module tlul_adapter_reg (
      |        ^~~~~~~~~~~~~~~~
                                        : ... Top module 'tlul_adapter_sram'
 4595 | module tlul_adapter_sram (
      |        ^~~~~~~~~~~~~~~~~
                                        : ... Top module 'tlul_assert_multiple'
 6032 | module tlul_assert_multiple (
      |        ^~~~~~~~~~~~~~~~~~~~
                                        : ... Top module 'tlul_fifo_async'
 6622 | module tlul_fifo_async (
      |        ^~~~~~~~~~~~~~~
                                        : ... Top module 'tlul_socket_1n'
 7036 | module tlul_socket_1n (
      |        ^~~~~~~~~~~~~~
                                        : ... Top module 'tlul_socket_m1'
 7532 | module tlul_socket_m1 (
      |        ^~~~~~~~~~~~~~
                                        : ... Top module 'fft_core'
 8643 | module fft_core (
      |        ^~~~~~~~
                                        : ... Top module 'twiddle_rom_1024'
 9487 | module twiddle_rom_1024 (
      |        ^~~~~~~~~~~~~~~~
                                        : ... Top module 'twiddle_rom_16'
11569 | module twiddle_rom_16 (
      |        ^~~~~~~~~~~~~~
                                        : ... Top module 'twiddle_rom_256'
11635 | module twiddle_rom_256 (
      |        ^~~~~~~~~~~~~~~
                                        : ... Top module 'twiddle_rom_8'
12343 | module twiddle_rom_8 (
      |        ^~~~~~~~~~~~~
%Warning-WIDTHEXPAND: rtl/fft_core.v:2353:26: Operator VAR 'ResetValue' expects 5 bits on the Initial value, but Initial value's CONST '1'sh0' generates 1 bits.
                                            : ... note: In instance 'prim_fifo_async_sram_adapter.u_sync_rptr_gray'
 2353 |  parameter [Width - 1:0] ResetValue = 1'sb0;
      |                          ^~~~~~~~~~
                      ... For warning description see https://verilator.org/warn/WIDTHEXPAND?v=5.036
                      ... Use "/* verilator lint_off WIDTHEXPAND */" and lint_on around source to disable this message.
%Warning-WIDTHEXPAND: rtl/fft_core.v:2754:23: Operator VAR 'RESVAL' expects 32 bits on the Initial value, but Initial value's CONST '1'sh0' generates 1 bits.
                                            : ... note: In instance 'prim_subreg'
 2754 |  parameter [DW - 1:0] RESVAL = 1'sb0;
      |                       ^~~~~~
%Warning-WIDTHEXPAND: rtl/fft_core.v:4182:63: Operator FUNCREF 'sv2v_cast_D6E3D' expects 2 bits on the Function Argument, but Function Argument's CONST '1'h1' generates 1 bits.
                                            : ... note: In instance 'tlul_adapter_host'
 4182 |  localparam [OutstandingReqCntW - 1:0] OutstandingReqCntOne = sv2v_cast_D6E3D(1'b1);
      |                                                               ^~~~~~~~~~~~~~~
%Warning-WIDTHEXPAND: rtl/fft_core.v:5021:20: Operator VAR 'tlul_pkg_DataWhenInstrError' expects 32 bits on the Initial value, but Initial value's CONST '1'sh0' generates 1 bits.
                                            : ... note: In instance 'tlul_adapter_sram'
 5021 |  localparam [31:0] tlul_pkg_DataWhenInstrError = 1'sb0;
      |                    ^~~~~~~~~~~~~~~~~~~~~~~~~~~
%Warning-WIDTHEXPAND: rtl/fft_core.v:2353:26: Operator VAR 'ResetValue' expects 3 bits on the Initial value, but Initial value's CONST '1'sh0' generates 1 bits.
                                            : ... note: In instance 'tlul_fifo_async.rspfifo.sync_rptr'
 2353 |  parameter [Width - 1:0] ResetValue = 1'sb0;
      |                          ^~~~~~~~~~
%Warning-WIDTHEXPAND: rtl/fft_core.v:6729:19: Operator VAR 'ReqDepth' expects 32 bits on the Initial value, but Initial value's CONST '4'h1' generates 4 bits.
                                            : ... note: In instance 'tlul_socket_1n.fifo_h'
 6729 |  parameter [31:0] ReqDepth = 2;
      |                   ^~~~~~~~
%Warning-WIDTHEXPAND: rtl/fft_core.v:6731:19: Operator VAR 'RspDepth' expects 32 bits on the Initial value, but Initial value's CONST '4'h1' generates 4 bits.
                                            : ... note: In instance 'tlul_socket_1n.fifo_h'
 6731 |  parameter [31:0] RspDepth = 2;
      |                   ^~~~~~~~
%Warning-WIDTHEXPAND: rtl/fft_core.v:6601:20: Operator VAR 'tlul_pkg_DataWhenInstrError' expects 32 bits on the Initial value, but Initial value's CONST '1'sh0' generates 1 bits.
                                            : ... note: In instance 'tlul_socket_1n.gen_err_resp.err_resp'
 6601 |  localparam [31:0] tlul_pkg_DataWhenInstrError = 1'sb0;
      |                    ^~~~~~~~~~~~~~~~~~~~~~~~~~~
%Warning-WIDTHEXPAND: rtl/fft_core.v:2523:12: Operator FUNCREF 'sv2v_cast_39' expects 39 bits on the Function Argument, but Function Argument's VARREF 'data_i' generates 32 bits.
                                            : ... note: In instance 'tlul_adapter_sram.u_tlul_data_integ_enc_data.u_data_gen'
 2523 |   data_o = sv2v_cast_39(data_i);
      |            ^~~~~~~~~~~~
%Warning-WIDTHTRUNC: rtl/fft_core.v:2055:50: Operator FUNCREF 'sv2v_cast_09B00' expects 1 bits on the Function Argument, but Function Argument's SUB generates 32 bits.
                                           : ... note: In instance 'tlul_socket_1n.gen_dfifo[3].fifo_d.reqfifo.gen_normal_fifo.u_fifo_cnt'
 2055 |  assign wptr_wrap_set = incr_wptr_i & (wptr_o == sv2v_cast_09B00(Depth - 1));
      |                                                  ^~~~~~~~~~~~~~~
                     ... For warning description see https://verilator.org/warn/WIDTHTRUNC?v=5.036
                     ... Use "/* verilator lint_off WIDTHTRUNC */" and lint_on around source to disable this message.
%Warning-WIDTHTRUNC: rtl/fft_core.v:2057:50: Operator FUNCREF 'sv2v_cast_09B00' expects 1 bits on the Function Argument, but Function Argument's SUB generates 32 bits.
                                           : ... note: In instance 'tlul_socket_1n.gen_dfifo[3].fifo_d.reqfifo.gen_normal_fifo.u_fifo_cnt'
 2057 |  assign rptr_wrap_set = incr_rptr_i & (rptr_o == sv2v_cast_09B00(Depth - 1));
      |                                                  ^~~~~~~~~~~~~~~
%Warning-WIDTHTRUNC: rtl/fft_core.v:2071:29: Operator FUNCREF 'sv2v_cast_2DA09' expects 1 bits on the Function Argument, but Function Argument's VARREF 'Depth' generates 32 bits.
                                           : ... note: In instance 'tlul_socket_1n.gen_dfifo[3].fifo_d.reqfifo.gen_normal_fifo.u_fifo_cnt'
 2071 |  assign depth_o = (full_o ? sv2v_cast_2DA09(Depth) : (wptr_wrap_msb == rptr_wrap_msb ? sv2v_cast_2DA09(wptr_o) - sv2v_cast_2DA09(rptr_o) : (sv2v_cast_2DA09(Depth) - sv2v_cast_2DA09(rptr_o)) + sv2v_cast_2DA09(wptr_o)));
      |                             ^~~~~~~~~~~~~~~
%Warning-WIDTHTRUNC: rtl/fft_core.v:2071:141: Operator FUNCREF 'sv2v_cast_2DA09' expects 1 bits on the Function Argument, but Function Argument's VARREF 'Depth' generates 32 bits.
                                            : ... note: In instance 'tlul_socket_1n.gen_dfifo[3].fifo_d.reqfifo.gen_normal_fifo.u_fifo_cnt'
 2071 |  assign depth_o = (full_o ? sv2v_cast_2DA09(Depth) : (wptr_wrap_msb == rptr_wrap_msb ? sv2v_cast_2DA09(wptr_o) - sv2v_cast_2DA09(rptr_o) : (sv2v_cast_2DA09(Depth) - sv2v_cast_2DA09(rptr_o)) + sv2v_cast_2DA09(wptr_o)));
      |                                                                                                                                             ^~~~~~~~~~~~~~~
%Warning-WIDTHEXPAND: rtl/fft_core.v:9467:12: Operator ASSIGNDLY expects 32 bits on the Assign RHS, but Assign RHS's CONST '1'sh0' generates 1 bits.
                                            : ... note: In instance 'fft_core.data_ram_inst'
 9467 |    rdata_o <= 1'sb0;
      |            ^~
%Warning-SELRANGE: rtl/fft_core.v:12220:9: Selection index out of range: 8 outside 7:0
                                         : ... note: In instance 'fft_core.tw_rom'
12220 |   rom_re[8] = 23170;
      |         ^
                   ... For warning description see https://verilator.org/warn/SELRANGE?v=5.036
                   ... Use "/* verilator lint_off SELRANGE */" and lint_on around source to disable this message.
%Warning-SELRANGE: rtl/fft_core.v:12222:9: Selection index out of range: 9 outside 7:0
                                         : ... note: In instance 'fft_core.tw_rom'
12222 |   rom_re[9] = 20788;
      |         ^
%Warning-SELRANGE: rtl/fft_core.v:12224:9: Selection index out of range: 10 outside 7:0
                                         : ... note: In instance 'fft_core.tw_rom'
12224 |   rom_re[10] = 18205;
      |         ^
%Warning-SELRANGE: rtl/fft_core.v:12226:9: Selection index out of range: 11 outside 7:0
                                         : ... note: In instance 'fft_core.tw_rom'
12226 |   rom_re[11] = 15447;
      |         ^
%Warning-SELRANGE: rtl/fft_core.v:12228:9: Selection index out of range: 12 outside 7:0
                                         : ... note: In instance 'fft_core.tw_rom'
12228 |   rom_re[12] = 12540;
      |         ^
%Warning-SELRANGE: rtl/fft_core.v:12230:9: Selection index out of range: 13 outside 7:0
                                         : ... note: In instance 'fft_core.tw_rom'
12230 |   rom_re[13] = 9512;
      |         ^
%Warning-SELRANGE: rtl/fft_core.v:12232:9: Selection index out of range: 14 outside 7:0
                                         : ... note: In instance 'fft_core.tw_rom'
12232 |   rom_re[14] = 6393;
      |         ^
%Warning-SELRANGE: rtl/fft_core.v:12234:9: Selection index out of range: 15 outside 7:0
                                         : ... note: In instance 'fft_core.tw_rom'
12234 |   rom_re[15] = 3212;
      |         ^
%Warning-SELRANGE: rtl/fft_core.v:12236:9: Selection index out of range: 16 outside 7:0
                                         : ... note: In instance 'fft_core.tw_rom'
12236 |   rom_re[16] = 0;
      |         ^
%Warning-SELRANGE: rtl/fft_core.v:12238:9: Selection index out of range: 17 outside 7:0
                                         : ... note: In instance 'fft_core.tw_rom'
12238 |   rom_re[17] = -3212;
      |         ^
%Warning-SELRANGE: rtl/fft_core.v:12240:9: Selection index out of range: 18 outside 7:0
                                         : ... note: In instance 'fft_core.tw_rom'
12240 |   rom_re[18] = -6393;
      |         ^
%Warning-SELRANGE: rtl/fft_core.v:12242:9: Selection index out of range: 19 outside 7:0
                                         : ... note: In instance 'fft_core.tw_rom'
12242 |   rom_re[19] = -9512;
      |         ^
%Warning-SELRANGE: rtl/fft_core.v:12244:9: Selection index out of range: 20 outside 7:0
                                         : ... note: In instance 'fft_core.tw_rom'
12244 |   rom_re[20] = -12540;
      |         ^
%Warning-SELRANGE: rtl/fft_core.v:12246:9: Selection index out of range: 21 outside 7:0
                                         : ... note: In instance 'fft_core.tw_rom'
12246 |   rom_re[21] = -15447;
      |         ^
%Warning-SELRANGE: rtl/fft_core.v:12248:9: Selection index out of range: 22 outside 7:0
                                         : ... note: In instance 'fft_core.tw_rom'
12248 |   rom_re[22] = -18205;
      |         ^
%Warning-SELRANGE: rtl/fft_core.v:12250:9: Selection index out of range: 23 outside 7:0
                                         : ... note: In instance 'fft_core.tw_rom'
12250 |   rom_re[23] = -20788;
      |         ^
%Warning-SELRANGE: rtl/fft_core.v:12252:9: Selection index out of range: 24 outside 7:0
                                         : ... note: In instance 'fft_core.tw_rom'
12252 |   rom_re[24] = -23170;
      |         ^
%Warning-SELRANGE: rtl/fft_core.v:12254:9: Selection index out of range: 25 outside 7:0
                                         : ... note: In instance 'fft_core.tw_rom'
12254 |   rom_re[25] = -25330;
      |         ^
%Warning-SELRANGE: rtl/fft_core.v:12256:9: Selection index out of range: 26 outside 7:0
                                         : ... note: In instance 'fft_core.tw_rom'
12256 |   rom_re[26] = -27246;
      |         ^
%Warning-SELRANGE: rtl/fft_core.v:12258:9: Selection index out of range: 27 outside 7:0
                                         : ... note: In instance 'fft_core.tw_rom'
12258 |   rom_re[27] = -28899;
      |         ^
%Warning-SELRANGE: rtl/fft_core.v:12260:9: Selection index out of range: 28 outside 7:0
                                         : ... note: In instance 'fft_core.tw_rom'
12260 |   rom_re[28] = -30274;
      |         ^
%Warning-SELRANGE: rtl/fft_core.v:12262:9: Selection index out of range: 29 outside 7:0
                                         : ... note: In instance 'fft_core.tw_rom'
12262 |   rom_re[29] = -31357;
      |         ^
%Warning-SELRANGE: rtl/fft_core.v:12264:9: Selection index out of range: 30 outside 7:0
                                         : ... note: In instance 'fft_core.tw_rom'
12264 |   rom_re[30] = -32138;
      |         ^
%Warning-SELRANGE: rtl/fft_core.v:12266:9: Selection index out of range: 31 outside 7:0
                                         : ... note: In instance 'fft_core.tw_rom'
12266 |   rom_re[31] = -32610;
      |         ^
%Warning-SELRANGE: rtl/fft_core.v:12284:9: Selection index out of range: 8 outside 7:0
                                         : ... note: In instance 'fft_core.tw_rom'
12284 |   rom_im[8] = -23170;
      |         ^
%Warning-SELRANGE: rtl/fft_core.v:12286:9: Selection index out of range: 9 outside 7:0
                                         : ... note: In instance 'fft_core.tw_rom'
12286 |   rom_im[9] = -25330;
      |         ^
%Warning-SELRANGE: rtl/fft_core.v:12288:9: Selection index out of range: 10 outside 7:0
                                         : ... note: In instance 'fft_core.tw_rom'
12288 |   rom_im[10] = -27246;
      |         ^
%Warning-SELRANGE: rtl/fft_core.v:12290:9: Selection index out of range: 11 outside 7:0
                                         : ... note: In instance 'fft_core.tw_rom'
12290 |   rom_im[11] = -28899;
      |         ^
%Warning-SELRANGE: rtl/fft_core.v:12292:9: Selection index out of range: 12 outside 7:0
                                         : ... note: In instance 'fft_core.tw_rom'
12292 |   rom_im[12] = -30274;
      |         ^
%Warning-SELRANGE: rtl/fft_core.v:12294:9: Selection index out of range: 13 outside 7:0
                                         : ... note: In instance 'fft_core.tw_rom'
12294 |   rom_im[13] = -31357;
      |         ^
%Warning-SELRANGE: rtl/fft_core.v:12296:9: Selection index out of range: 14 outside 7:0
                                         : ... note: In instance 'fft_core.tw_rom'
12296 |   rom_im[14] = -32138;
      |         ^
%Warning-SELRANGE: rtl/fft_core.v:12298:9: Selection index out of range: 15 outside 7:0
                                         : ... note: In instance 'fft_core.tw_rom'
12298 |   rom_im[15] = -32610;
      |         ^
%Warning-SELRANGE: rtl/fft_core.v:12300:9: Selection index out of range: 16 outside 7:0
                                         : ... note: In instance 'fft_core.tw_rom'
12300 |   rom_im[16] = -32768;
      |         ^
%Warning-SELRANGE: rtl/fft_core.v:12302:9: Selection index out of range: 17 outside 7:0
                                         : ... note: In instance 'fft_core.tw_rom'
12302 |   rom_im[17] = -32610;
      |         ^
%Warning-SELRANGE: rtl/fft_core.v:12304:9: Selection index out of range: 18 outside 7:0
                                         : ... note: In instance 'fft_core.tw_rom'
12304 |   rom_im[18] = -32138;
      |         ^
%Warning-SELRANGE: rtl/fft_core.v:12306:9: Selection index out of range: 19 outside 7:0
                                         : ... note: In instance 'fft_core.tw_rom'
12306 |   rom_im[19] = -31357;
      |         ^
%Warning-SELRANGE: rtl/fft_core.v:12308:9: Selection index out of range: 20 outside 7:0
                                         : ... note: In instance 'fft_core.tw_rom'
12308 |   rom_im[20] = -30274;
      |         ^
%Warning-SELRANGE: rtl/fft_core.v:12310:9: Selection index out of range: 21 outside 7:0
                                         : ... note: In instance 'fft_core.tw_rom'
12310 |   rom_im[21] = -28899;
      |         ^
%Warning-SELRANGE: rtl/fft_core.v:12312:9: Selection index out of range: 22 outside 7:0
                                         : ... note: In instance 'fft_core.tw_rom'
12312 |   rom_im[22] = -27246;
      |         ^
%Warning-SELRANGE: rtl/fft_core.v:12314:9: Selection index out of range: 23 outside 7:0
                                         : ... note: In instance 'fft_core.tw_rom'
12314 |   rom_im[23] = -25330;
      |         ^
%Warning-SELRANGE: rtl/fft_core.v:12316:9: Selection index out of range: 24 outside 7:0
                                         : ... note: In instance 'fft_core.tw_rom'
12316 |   rom_im[24] = -23170;
      |         ^
%Warning-SELRANGE: rtl/fft_core.v:12318:9: Selection index out of range: 25 outside 7:0
                                         : ... note: In instance 'fft_core.tw_rom'
12318 |   rom_im[25] = -20788;
      |         ^
%Warning-SELRANGE: rtl/fft_core.v:12320:9: Selection index out of range: 26 outside 7:0
                                         : ... note: In instance 'fft_core.tw_rom'
12320 |   rom_im[26] = -18205;
      |         ^
%Warning-SELRANGE: rtl/fft_core.v:12322:9: Selection index out of range: 27 outside 7:0
                                         : ... note: In instance 'fft_core.tw_rom'
12322 |   rom_im[27] = -15447;
      |         ^
%Warning-SELRANGE: rtl/fft_core.v:12324:9: Selection index out of range: 28 outside 7:0
                                         : ... note: In instance 'fft_core.tw_rom'
12324 |   rom_im[28] = -12540;
      |         ^
%Warning-SELRANGE: rtl/fft_core.v:12326:9: Selection index out of range: 29 outside 7:0
                                         : ... note: In instance 'fft_core.tw_rom'
12326 |   rom_im[29] = -9512;
      |         ^
%Warning-SELRANGE: rtl/fft_core.v:12328:9: Selection index out of range: 30 outside 7:0
                                         : ... note: In instance 'fft_core.tw_rom'
12328 |   rom_im[30] = -6393;
      |         ^
%Warning-SELRANGE: rtl/fft_core.v:12330:9: Selection index out of range: 31 outside 7:0
                                         : ... note: In instance 'fft_core.tw_rom'
12330 |   rom_im[31] = -3212;
      |         ^
%Warning-WIDTHTRUNC: rtl/fft_core.v:12337:14: Bit extraction of array[7:0] requires 3 bit index, not 5 bits.
                                            : ... note: In instance 'fft_core.tw_rom'
12337 |   re = rom_re[addr];
      |              ^
%Warning-WIDTHTRUNC: rtl/fft_core.v:12339:14: Bit extraction of array[7:0] requires 3 bit index, not 5 bits.
                                            : ... note: In instance 'fft_core.tw_rom'
12339 |   im = rom_im[addr];
      |              ^
%Warning-WIDTHEXPAND: rtl/fft_core.v:123:11: Operator ASSIGNDLY expects 4 bits on the Assign RHS, but Assign RHS's CONST '1'sh0' generates 1 bits.
                                           : ... note: In instance 'tlul_socket_m1.gen_arb_ppc.u_reqarb'
  123 |      mask <= 1'sb0;
      |           ^~
%Warning-WIDTHEXPAND: rtl/fft_core.v:136:13: Operator ASSIGN expects 109 bits on the Assign RHS, but Assign RHS's CONST '1'sh0' generates 1 bits.
                                           : ... note: In instance 'tlul_socket_m1.gen_arb_ppc.u_reqarb'
  136 |      data_o = 1'sb0;
      |             ^
%Warning-WIDTHEXPAND: rtl/fft_core.v:167:11: Operator ASSIGN expects 2 bits on the Assign RHS, but Assign RHS's CONST '1'sh0' generates 1 bits.
                                           : ... note: In instance 'tlul_socket_m1.gen_arb_ppc.u_reqarb'
  167 |     idx_o = 1'sb0;
      |           ^
%Warning-WIDTHEXPAND: rtl/fft_core.v:802:37: Operator FUNCREF 'sv2v_cast_62A53' expects 3 bits on the Function Argument, but Function Argument's CONST '1'h1' generates 1 bits.
                                           : ... note: In instance 'tlul_fifo_async.rspfifo'
  802 |  assign fifo_wptr_d = fifo_wptr_q + sv2v_cast_62A53(1'b1);
      |                                     ^~~~~~~~~~~~~~~
%Warning-WIDTHEXPAND: rtl/fft_core.v:808:16: Operator ASSIGNDLY expects 3 bits on the Assign RHS, but Assign RHS's CONST '1'sh0' generates 1 bits.
                                           : ... note: In instance 'tlul_fifo_async.rspfifo'
  808 |    fifo_wptr_q <= 1'sb0;
      |                ^~
%Warning-WIDTHEXPAND: rtl/fft_core.v:817:21: Operator ASSIGNDLY expects 3 bits on the Assign RHS, but Assign RHS's CONST '1'sh0' generates 1 bits.
                                           : ... note: In instance 'tlul_fifo_async.rspfifo'
  817 |    fifo_wptr_gray_q <= 1'sb0;
      |                     ^~
%Warning-WIDTHEXPAND: rtl/fft_core.v:831:37: Operator FUNCREF 'sv2v_cast_62A53' expects 3 bits on the Function Argument, but Function Argument's CONST '1'h1' generates 1 bits.
                                           : ... note: In instance 'tlul_fifo_async.rspfifo'
  831 |  assign fifo_rptr_d = fifo_rptr_q + sv2v_cast_62A53(1'b1);
      |                                     ^~~~~~~~~~~~~~~
%Warning-WIDTHEXPAND: rtl/fft_core.v:837:16: Operator ASSIGNDLY expects 3 bits on the Assign RHS, but Assign RHS's CONST '1'sh0' generates 1 bits.
                                           : ... note: In instance 'tlul_fifo_async.rspfifo'
  837 |    fifo_rptr_q <= 1'sb0;
      |                ^~
%Warning-WIDTHEXPAND: rtl/fft_core.v:846:21: Operator ASSIGNDLY expects 3 bits on the Assign RHS, but Assign RHS's CONST '1'sh0' generates 1 bits.
                                           : ... note: In instance 'tlul_fifo_async.rspfifo'
  846 |    fifo_rptr_gray_q <= 1'sb0;
      |                     ^~
%Warning-WIDTHEXPAND: rtl/fft_core.v:862:21: Operator ASSIGNDLY expects 3 bits on the Assign RHS, but Assign RHS's CONST '1'sh0' generates 1 bits.
                                           : ... note: In instance 'tlul_fifo_async.rspfifo'
  862 |    fifo_rptr_sync_q <= 1'sb0;
      |                     ^~
%Warning-WIDTHEXPAND: rtl/fft_core.v:869:20: Operator FUNCREF 'sv2v_cast_62A53' expects 3 bits on the Function Argument, but Function Argument's CONST '1'h1' generates 1 bits.
                                           : ... note: In instance 'tlul_fifo_async.rspfifo'
  869 |  assign xor_mask = sv2v_cast_62A53(1'b1) << (PTR_WIDTH - 1);
      |                    ^~~~~~~~~~~~~~~
%Warning-WIDTHTRUNC: rtl/fft_core.v:900:35: Operator FUNCREF 'sv2v_cast_2DA09' expects 3 bits on the Function Argument, but Function Argument's VARREF 'Depth' generates 32 bits.
                                          : ... note: In instance 'tlul_fifo_async.rspfifo'
  900 |    assign wdepth_o = (full_wclk ? sv2v_cast_2DA09(Depth) : (wptr_msb == rptr_sync_msb ? sv2v_cast_2DA09(wptr_value) - sv2v_cast_2DA09(rptr_sync_value) : (sv2v_cast_2DA09(Depth) - sv2v_cast_2DA09(rptr_sync_value)) + sv2v_cast_2DA09(wptr_value)));
      |                                   ^~~~~~~~~~~~~~~
%Warning-WIDTHEXPAND: rtl/fft_core.v:900:89: Operator FUNCREF 'sv2v_cast_2DA09' expects 3 bits on the Function Argument, but Function Argument's VARREF 'wptr_value' generates 2 bits.
                                           : ... note: In instance 'tlul_fifo_async.rspfifo'
  900 |    assign wdepth_o = (full_wclk ? sv2v_cast_2DA09(Depth) : (wptr_msb == rptr_sync_msb ? sv2v_cast_2DA09(wptr_value) - sv2v_cast_2DA09(rptr_sync_value) : (sv2v_cast_2DA09(Depth) - sv2v_cast_2DA09(rptr_sync_value)) + sv2v_cast_2DA09(wptr_value)));
      |                                                                                         ^~~~~~~~~~~~~~~
%Warning-WIDTHEXPAND: rtl/fft_core.v:900:119: Operator FUNCREF 'sv2v_cast_2DA09' expects 3 bits on the Function Argument, but Function Argument's VARREF 'rptr_sync_value' generates 2 bits.
                                            : ... note: In instance 'tlul_fifo_async.rspfifo'
  900 |    assign wdepth_o = (full_wclk ? sv2v_cast_2DA09(Depth) : (wptr_msb == rptr_sync_msb ? sv2v_cast_2DA09(wptr_value) - sv2v_cast_2DA09(rptr_sync_value) : (sv2v_cast_2DA09(Depth) - sv2v_cast_2DA09(rptr_sync_value)) + sv2v_cast_2DA09(wptr_value)));
      |                                                                                                                       ^~~~~~~~~~~~~~~
%Warning-WIDTHTRUNC: rtl/fft_core.v:900:155: Operator FUNCREF 'sv2v_cast_2DA09' expects 3 bits on the Function Argument, but Function Argument's VARREF 'Depth' generates 32 bits.
                                           : ... note: In instance 'tlul_fifo_async.rspfifo'
  900 |    assign wdepth_o = (full_wclk ? sv2v_cast_2DA09(Depth) : (wptr_msb == rptr_sync_msb ? sv2v_cast_2DA09(wptr_value) - sv2v_cast_2DA09(rptr_sync_value) : (sv2v_cast_2DA09(Depth) - sv2v_cast_2DA09(rptr_sync_value)) + sv2v_cast_2DA09(wptr_value)));
      |                                                                                                                                                           ^~~~~~~~~~~~~~~
%Warning-WIDTHEXPAND: rtl/fft_core.v:900:180: Operator FUNCREF 'sv2v_cast_2DA09' expects 3 bits on the Function Argument, but Function Argument's VARREF 'rptr_sync_value' generates 2 bits.
                                            : ... note: In instance 'tlul_fifo_async.rspfifo'
  900 |    assign wdepth_o = (full_wclk ? sv2v_cast_2DA09(Depth) : (wptr_msb == rptr_sync_msb ? sv2v_cast_2DA09(wptr_value) - sv2v_cast_2DA09(rptr_sync_value) : (sv2v_cast_2DA09(Depth) - sv2v_cast_2DA09(rptr_sync_value)) + sv2v_cast_2DA09(wptr_value)));
      |                                                                                                                                                                                    ^~~~~~~~~~~~~~~
%Warning-WIDTHEXPAND: rtl/fft_core.v:900:216: Operator FUNCREF 'sv2v_cast_2DA09' expects 3 bits on the Function Argument, but Function Argument's VARREF 'wptr_value' generates 2 bits.
                                            : ... note: In instance 'tlul_fifo_async.rspfifo'
  900 |    assign wdepth_o = (full_wclk ? sv2v_cast_2DA09(Depth) : (wptr_msb == rptr_sync_msb ? sv2v_cast_2DA09(wptr_value) - sv2v_cast_2DA09(rptr_sync_value) : (sv2v_cast_2DA09(Depth) - sv2v_cast_2DA09(rptr_sync_value)) + sv2v_cast_2DA09(wptr_value)));
      |                                                                                                                                                                                                                        ^~~~~~~~~~~~~~~
%Warning-WIDTHTRUNC: rtl/fft_core.v:918:35: Operator FUNCREF 'sv2v_cast_2DA09' expects 3 bits on the Function Argument, but Function Argument's VARREF 'Depth' generates 32 bits.
                                          : ... note: In instance 'tlul_fifo_async.rspfifo'
  918 |    assign rdepth_o = (full_rclk ? sv2v_cast_2DA09(Depth) : (wptr_sync_msb == rptr_msb ? sv2v_cast_2DA09(wptr_sync_value) - sv2v_cast_2DA09(rptr_value) : (sv2v_cast_2DA09(Depth) - sv2v_cast_2DA09(rptr_value)) + sv2v_cast_2DA09(wptr_sync_value)));
      |                                   ^~~~~~~~~~~~~~~
%Warning-WIDTHEXPAND: rtl/fft_core.v:918:89: Operator FUNCREF 'sv2v_cast_2DA09' expects 3 bits on the Function Argument, but Function Argument's VARREF 'wptr_sync_value' generates 2 bits.
                                           : ... note: In instance 'tlul_fifo_async.rspfifo'
  918 |    assign rdepth_o = (full_rclk ? sv2v_cast_2DA09(Depth) : (wptr_sync_msb == rptr_msb ? sv2v_cast_2DA09(wptr_sync_value) - sv2v_cast_2DA09(rptr_value) : (sv2v_cast_2DA09(Depth) - sv2v_cast_2DA09(rptr_value)) + sv2v_cast_2DA09(wptr_sync_value)));
      |                                                                                         ^~~~~~~~~~~~~~~
%Warning-WIDTHEXPAND: rtl/fft_core.v:918:124: Operator FUNCREF 'sv2v_cast_2DA09' expects 3 bits on the Function Argument, but Function Argument's VARREF 'rptr_value' generates 2 bits.
                                            : ... note: In instance 'tlul_fifo_async.rspfifo'
  918 |    assign rdepth_o = (full_rclk ? sv2v_cast_2DA09(Depth) : (wptr_sync_msb == rptr_msb ? sv2v_cast_2DA09(wptr_sync_value) - sv2v_cast_2DA09(rptr_value) : (sv2v_cast_2DA09(Depth) - sv2v_cast_2DA09(rptr_value)) + sv2v_cast_2DA09(wptr_sync_value)));
      |                                                                                                                            ^~~~~~~~~~~~~~~
%Warning-WIDTHTRUNC: rtl/fft_core.v:918:155: Operator FUNCREF 'sv2v_cast_2DA09' expects 3 bits on the Function Argument, but Function Argument's VARREF 'Depth' generates 32 bits.
                                           : ... note: In instance 'tlul_fifo_async.rspfifo'
  918 |    assign rdepth_o = (full_rclk ? sv2v_cast_2DA09(Depth) : (wptr_sync_msb == rptr_msb ? sv2v_cast_2DA09(wptr_sync_value) - sv2v_cast_2DA09(rptr_value) : (sv2v_cast_2DA09(Depth) - sv2v_cast_2DA09(rptr_value)) + sv2v_cast_2DA09(wptr_sync_value)));
      |                                                                                                                                                           ^~~~~~~~~~~~~~~
%Warning-WIDTHEXPAND: rtl/fft_core.v:918:180: Operator FUNCREF 'sv2v_cast_2DA09' expects 3 bits on the Function Argument, but Function Argument's VARREF 'rptr_value' generates 2 bits.
                                            : ... note: In instance 'tlul_fifo_async.rspfifo'
  918 |    assign rdepth_o = (full_rclk ? sv2v_cast_2DA09(Depth) : (wptr_sync_msb == rptr_msb ? sv2v_cast_2DA09(wptr_sync_value) - sv2v_cast_2DA09(rptr_value) : (sv2v_cast_2DA09(Depth) - sv2v_cast_2DA09(rptr_value)) + sv2v_cast_2DA09(wptr_sync_value)));
      |                                                                                                                                                                                    ^~~~~~~~~~~~~~~
%Warning-WIDTHEXPAND: rtl/fft_core.v:918:211: Operator FUNCREF 'sv2v_cast_2DA09' expects 3 bits on the Function Argument, but Function Argument's VARREF 'wptr_sync_value' generates 2 bits.
                                            : ... note: In instance 'tlul_fifo_async.rspfifo'
  918 |    assign rdepth_o = (full_rclk ? sv2v_cast_2DA09(Depth) : (wptr_sync_msb == rptr_msb ? sv2v_cast_2DA09(wptr_sync_value) - sv2v_cast_2DA09(rptr_value) : (sv2v_cast_2DA09(Depth) - sv2v_cast_2DA09(rptr_value)) + sv2v_cast_2DA09(wptr_sync_value)));
      |                                                                                                                                                                                                                   ^~~~~~~~~~~~~~~
%Warning-WIDTHTRUNC: rtl/fft_core.v:994:20: Operator FUNCREF 'sv2v_cast_62A53' expects 3 bits on the Function Argument, but Function Argument's VARREF 'Depth' generates 32 bits.
                                          : ... note: In instance 'tlul_fifo_async.rspfifo'
  994 |      decval_sub = (sv2v_cast_62A53(Depth) - {1'b0, decval[PTR_WIDTH - 2:0]}) - 1'b1;
      |                    ^~~~~~~~~~~~~~~
%Warning-WIDTHEXPAND: rtl/fft_core.v:1020:14: Operator ASSIGN expects 3 bits on the Assign RHS, but Assign RHS's CONST '1'sh0' generates 1 bits.
                                            : ... note: In instance 'tlul_fifo_async.rspfifo'
 1020 |      dec_tmp = 1'sb0;
      |              ^
%Warning-WIDTHTRUNC: rtl/fft_core.v:1033:21: Operator FUNCREF 'sv2v_cast_62A53' expects 3 bits on the Function Argument, but Function Argument's VARREF 'Depth' generates 32 bits.
                                           : ... note: In instance 'tlul_fifo_async.rspfifo'
 1033 |      dec_tmp_sub = (sv2v_cast_62A53(Depth) - dec_tmp) - 1'b1;
      |                     ^~~~~~~~~~~~~~~
%Warning-WIDTHEXPAND: rtl/fft_core.v:6570:13: Operator ASSIGNDLY expects 2 bits on the Assign RHS, but Assign RHS's CONST '1'sh0' generates 1 bits.
                                            : ... note: In instance 'tlul_socket_1n.gen_err_resp.err_resp'
 6570 |    err_size <= 1'sb0;
      |             ^~
%Warning-WIDTHEXPAND: rtl/fft_core.v:6608:888: Operator ASSIGNW expects 3 bits on the Assign RHS, but Assign RHS's CONST '1'sh0' generates 1 bits.
                                             : ... note: In instance 'tlul_socket_1n.gen_err_resp.err_resp'
%Warning-WIDTHEXPAND: rtl/fft_core.v:6614:265: Operator ASSIGNW expects 14 bits on the Assign RHS, but Assign RHS's CONST '1'sh0' generates 1 bits.
                                             : ... note: In instance 'tlul_socket_1n.gen_err_resp.err_resp'
 6614 |  assign tl_h_o_int[(tlul_pkg_D2HRspIntgWidth + tlul_pkg_DataIntgWidth) + 1-:(((tlul_pkg_D2HRspIntgWidth + tlul_pkg_DataIntgWidth) + 1) >= 2 ? (tlul_pkg_D2HRspIntgWidth + tlul_pkg_DataIntgWidth) + 0 : 3 - ((tlul_pkg_D2HRspIntgWidth + tlul_pkg_DataIntgWidth) + 1))] = 1'sb0;
      |                                                                                                                                                                                                                                                                         ^
%Warning-WIDTHEXPAND: rtl/fft_core.v:5551:18: Operator FUNCREF 'sv2v_cast_8' expects 8 bits on the Function Argument, but Function Argument's SEL generates 4 bits.
                                            : ... note: In instance 'tlul_assert_multiple.gen_assert[1].tlul_assert'
 5551 |  assign a_mask = sv2v_cast_8(h2d[top_pkg_TL_DBW + 55-:((top_pkg_TL_DBW + 55) >= 56 ? top_pkg_TL_DBW : 57 - (top_pkg_TL_DBW + 55))]);
      |                  ^~~~~~~~~~~
%Warning-WIDTHEXPAND: rtl/fft_core.v:5557:18: Operator FUNCREF 'sv2v_cast_64' expects 64 bits on the Function Argument, but Function Argument's SEL generates 32 bits.
                                            : ... note: In instance 'tlul_assert_multiple.gen_assert[1].tlul_assert'
 5557 |  assign a_data = sv2v_cast_64(h2d[55-:32]);
      |                  ^~~~~~~~~~~~
%Warning-WIDTHEXPAND: rtl/fft_core.v:5559:18: Operator FUNCREF 'sv2v_cast_8' expects 8 bits on the Function Argument, but Function Argument's SEL generates 4 bits.
                                            : ... note: In instance 'tlul_assert_multiple.gen_assert[1].tlul_assert'
%Warning-WIDTHEXPAND: rtl/fft_core.v:5561:18: Operator FUNCREF 'sv2v_cast_64' expects 64 bits on the Function Argument, but Function Argument's SEL generates 32 bits.
                                            : ... note: In instance 'tlul_assert_multiple.gen_assert[1].tlul_assert'
%Warning-WIDTHEXPAND: rtl/fft_core.v:5567:13: Operator ASSIGNDLY expects 2560 bits on the Assign RHS, but Assign RHS's CONST '1'sh0' generates 1 bits.
                                            : ... note: In instance 'tlul_assert_multiple.gen_assert[1].tlul_assert'
 5567 |    pend_req <= 1'sb0;
      |             ^~
%Warning-WIDTHEXPAND: rtl/fft_core.v:8698:13: Operator ASSIGN expects 32 bits on the Assign RHS, but Assign RHS's CONST '1'sh0' generates 1 bits.
                                            : ... note: In instance 'fft_core'
 8698 |    reversed = 1'sb0;
      |             ^
%Warning-WIDTHEXPAND: rtl/fft_core.v:8726:20: Operator ASSIGNDLY expects 4 bits on the Assign RHS, but Assign RHS's CONST '1'sh0' generates 1 bits.
                                            : ... note: In instance 'fft_core'
 8726 |    butterfly_count <= 1'sb0;
      |                    ^~
%Warning-WIDTHEXPAND: rtl/fft_core.v:8729:20: Operator ASSIGNDLY expects 4 bits on the Assign RHS, but Assign RHS's CONST '1'sh0' generates 1 bits.
                                            : ... note: In instance 'fft_core'
 8729 |    butterfly_count <= 1'sb0;
      |                    ^~
%Warning-WIDTHEXPAND: rtl/fft_core.v:8744:31: Operator SUB expects 32 bits on the RHS, but RHS's VARREF 'stage_count' generates 4 bits.
                                            : ... note: In instance 'fft_core'
 8744 |   n_rst = n >> (LOG2_FFT_SIZE - stage_count);
      |                               ^
%Warning-WIDTHEXPAND: rtl/fft_core.v:8749:48: Operator EQ expects 32 bits on the LHS, but LHS's VARREF 'butterfly_count' generates 4 bits.
                                            : ... note: In instance 'fft_core'
 8749 |  assign rst_butterfly_count = (butterfly_count == (n_rst - 1)) && (state_w == 3'd5);
      |                                                ^~
%Warning-WIDTHEXPAND: rtl/fft_core.v:8758:16: Operator ASSIGNDLY expects 4 bits on the Assign RHS, but Assign RHS's CONST '1'sh0' generates 1 bits.
                                            : ... note: In instance 'fft_core'
 8758 |    group_count <= 1'sb0;
      |                ^~
%Warning-WIDTHEXPAND: rtl/fft_core.v:8761:16: Operator ASSIGNDLY expects 4 bits on the Assign RHS, but Assign RHS's CONST '1'sh0' generates 1 bits.
                                            : ... note: In instance 'fft_core'
 8761 |    group_count <= 1'sb0;
      |                ^~
%Warning-WIDTHEXPAND: rtl/fft_core.v:8769:41: Operator EQ expects 32 bits on the LHS, but LHS's VARREF 'group_count' generates 4 bits.
                                            : ... note: In instance 'fft_core'
 8769 |  assign rst_group_count = ((group_count == (groups - 1)) && (state_w == 3'd5)) && rst_butterfly_count;
      |                                         ^~
%Warning-WIDTHEXPAND: rtl/fft_core.v:8778:16: Operator ASSIGNDLY expects 4 bits on the Assign RHS, but Assign RHS's CONST '1'sh0' generates 1 bits.
                                            : ... note: In instance 'fft_core'
 8778 |    stage_count <= 1'sb0;
      |                ^~
%Warning-WIDTHEXPAND: rtl/fft_core.v:8781:16: Operator ASSIGNDLY expects 4 bits on the Assign RHS, but Assign RHS's CONST '1'sh0' generates 1 bits.
                                            : ... note: In instance 'fft_core'
 8781 |    stage_count <= 1'sb0;
      |                ^~
%Warning-WIDTHEXPAND: rtl/fft_core.v:8816:17: Operator ADD expects 32 bits on the LHS, but LHS's VARREF 'u_idx' generates 4 bits.
                                            : ... note: In instance 'fft_core'
 8816 |   v_idx = u_idx + d;
      |                 ^
%Warning-WIDTHTRUNC: rtl/fft_core.v:8816:9: Operator ASSIGN expects 4 bits on the Assign RHS, but Assign RHS's ADD generates 32 bits.
                                          : ... note: In instance 'fft_core'
 8816 |   v_idx = u_idx + d;
      |         ^
%Warning-WIDTHEXPAND: rtl/fft_core.v:8818:60: Operator ADD expects 32 bits on the LHS, but LHS's VARREF 'stage_count' generates 4 bits.
                                            : ... note: In instance 'fft_core'
 8818 |   w_idx = butterfly_count << (LOG2_FFT_SIZE - (stage_count + 1));
      |                                                            ^
%Warning-WIDTHEXPAND: rtl/fft_core.v:8832:4: Input port connection 'addr' expects 5 bits on the pin connection, but pin connection's VARREF 'twiddle_addr' generates 4 bits.
                                           : ... note: In instance 'fft_core'
 8832 |   .addr(twiddle_addr),
      |    ^~~~
%Warning-WIDTHTRUNC: rtl/fft_core.v:8849:31: Logical operator LOGAND expects 1 bit on the RHS, but RHS's VARREF 'mem_out_data' generates 32 bits.
                                           : ... note: In instance 'fft_core'
 8849 |  assign u = (state_w == 3'd3) && mem_out_data;
      |                               ^~
%Warning-WIDTHEXPAND: rtl/fft_core.v:8849:11: Operator ASSIGNW expects 32 bits on the Assign RHS, but Assign RHS's LOGAND generates 1 bits.
                                            : ... note: In instance 'fft_core'
 8849 |  assign u = (state_w == 3'd3) && mem_out_data;
      |           ^
%Warning-WIDTHTRUNC: rtl/fft_core.v:8851:31: Logical operator LOGAND expects 1 bit on the RHS, but RHS's VARREF 'mem_out_data' generates 32 bits.
                                           : ... note: In instance 'fft_core'
 8851 |  assign v = (state_w == 3'd2) && mem_out_data;
      |                               ^~
%Warning-WIDTHEXPAND: rtl/fft_core.v:8851:11: Operator ASSIGNW expects 32 bits on the Assign RHS, but Assign RHS's LOGAND generates 1 bits.
                                            : ... note: In instance 'fft_core'
 8851 |  assign v = (state_w == 3'd2) && mem_out_data;
      |           ^
%Warning-WIDTHTRUNC: rtl/fft_core.v:8895:212: Operator ASSIGN expects 16 bits on the Assign RHS, but Assign RHS's SHIFTRS generates 32 bits.
                                            : ... note: In instance 'fft_core'
%Warning-WIDTHTRUNC: rtl/fft_core.v:8897:36: Operator ASSIGN expects 16 bits on the Assign RHS, but Assign RHS's SHIFTRS generates 32 bits.
                                           : ... note: In instance 'fft_core'
 8897 |    res[DATA_WIDTH - 1-:DATA_WIDTH] = $signed(add[(2 * DATA_WIDTH) - 1-:2 * DATA_WIDTH]) >>> (DATA_WIDTH - 1);
      |                                    ^
%Warning-WIDTHTRUNC: rtl/fft_core.v:8918:212: Operator ASSIGN expects 16 bits on the Assign RHS, but Assign RHS's SHIFTRS generates 32 bits.
                                            : ... note: In instance 'fft_core'
%Warning-WIDTHTRUNC: rtl/fft_core.v:8920:36: Operator ASSIGN expects 16 bits on the Assign RHS, but Assign RHS's SHIFTRS generates 32 bits.
                                           : ... note: In instance 'fft_core'
 8920 |    res[DATA_WIDTH - 1-:DATA_WIDTH] = $signed(sub[(2 * DATA_WIDTH) - 1-:2 * DATA_WIDTH]) >>> (DATA_WIDTH - 1);
      |                                    ^
%Warning-WIDTHEXPAND: rtl/fft_core.v:8967:34: Operator EQ expects 32 bits on the LHS, but LHS's VARREF 'counter_samples' generates 4 bits.
                                            : ... note: In instance 'fft_core'
 8967 |   .end_samples_i(counter_samples == (FFT_SIZE - 1)),
      |                                  ^~
%Warning-WIDTHEXPAND: rtl/fft_core.v:8980:34: Operator EQ expects 32 bits on the LHS, but LHS's VARREF 'stage_count' generates 4 bits.
                                            : ... note: In instance 'fft_core'
 8980 |  assign end_algo_w = stage_count == LOG2_FFT_SIZE;
      |                                  ^~
%Warning-WIDTHEXPAND: rtl/fft_core.v:8994:20: Operator ASSIGNDLY expects 4 bits on the Assign RHS, but Assign RHS's CONST '1'sh0' generates 1 bits.
                                            : ... note: In instance 'fft_core'
 8994 |    counter_samples <= 1'sb0;
      |                    ^~
%Warning-WIDTHEXPAND: rtl/fft_core.v:8996:221: Operator ASSIGNDLY expects 16 bits on the Assign RHS, but Assign RHS's CONST '1'sh0' generates 1 bits.
                                             : ... note: In instance 'fft_core'
 8996 |    input_sample[DATA_WIDTH + (DATA_WIDTH - 1)-:((DATA_WIDTH + (DATA_WIDTH - 1)) >= (DATA_WIDTH + 0) ? ((DATA_WIDTH + (DATA_WIDTH - 1)) - (DATA_WIDTH + 0)) + 1 : ((DATA_WIDTH + 0) - (DATA_WIDTH + (DATA_WIDTH - 1))) + 1)] <= 1'sb0;
      |                                                                                                                                                                                                                             ^~
%Warning-WIDTHEXPAND: rtl/fft_core.v:8998:45: Operator ASSIGNDLY expects 16 bits on the Assign RHS, but Assign RHS's CONST '1'sh0' generates 1 bits.
                                            : ... note: In instance 'fft_core'
 8998 |    input_sample[DATA_WIDTH - 1-:DATA_WIDTH] <= 1'sb0;
      |                                             ^~
%Warning-WIDTHEXPAND: rtl/fft_core.v:9008:46: Operator ASSIGNDLY expects 16 bits on the Assign RHS, but Assign RHS's CONST '1'sh0' generates 1 bits.
                                            : ... note: In instance 'fft_core'
 9008 |     input_sample[DATA_WIDTH - 1-:DATA_WIDTH] <= 1'sb0;
      |                                              ^~
%Warning-WIDTHEXPAND: rtl/fft_core.v:9032:25: Operator FUNCREF 'bit_reverse' expects 32 bits on the Function Argument, but Function Argument's VARREF 'counter_samples' generates 4 bits.
                                            : ... note: In instance 'fft_core'
 9032 |  assign reversed_addr = bit_reverse(counter_samples, LOG2_FFT_SIZE);
      |                         ^~~~~~~~~~~
%Warning-WIDTHTRUNC: rtl/fft_core.v:9032:23: Operator ASSIGNW expects 4 bits on the Assign RHS, but Assign RHS's FUNCREF 'bit_reverse' generates 32 bits.
                                           : ... note: In instance 'fft_core'
 9032 |  assign reversed_addr = bit_reverse(counter_samples, LOG2_FFT_SIZE);
      |                       ^
%Warning-WIDTHEXPAND: rtl/fft_core.v:7153:24: Operator ASSIGNDLY expects 9 bits on the Assign RHS, but Assign RHS's CONST '1'sh0' generates 1 bits.
                                            : ... note: In instance 'tlul_socket_1n'
 7153 |    num_req_outstanding <= 1'sb0;
      |                        ^~
%Warning-WIDTHEXPAND: rtl/fft_core.v:7155:27: Operator ASSIGNDLY expects 3 bits on the Assign RHS, but Assign RHS's CONST '1'sh0' generates 1 bits.
                                            : ... note: In instance 'tlul_socket_1n'
 7155 |    dev_select_outstanding <= 1'sb0;
      |                           ^~
%Warning-WIDTHEXPAND: rtl/fft_core.v:7197:13: Operator FUNCREF 'sv2v_cast_64' expects 64 bits on the Function Argument, but Function Argument's VARREF 'data_i' generates 57 bits.
                                            : ... note: In instance 'tlul_socket_1n'
 7197 |    data_o = sv2v_cast_64(data_i);
      |             ^~~~~~~~~~~~
%Warning-WIDTHEXPAND: rtl/fft_core.v:7259:79: Operator FUNCREF 'sv2v_cast_57' expects 57 bits on the Function Argument, but Function Argument's VARREF 'cmd' generates 43 bits.
                                            : ... note: In instance 'tlul_socket_1n'
 7259 |    {cmd_intg, unused_cmd_payload} = prim_secded_pkg_prim_secded_inv_64_57_enc(sv2v_cast_57(cmd));
      |                                                                               ^~~~~~~~~~~~
%Warning-WIDTHEXPAND: rtl/fft_core.v:7287:13: Operator FUNCREF 'sv2v_cast_39' expects 39 bits on the Function Argument, but Function Argument's VARREF 'data_i' generates 32 bits.
                                            : ... note: In instance 'tlul_socket_1n'
 7287 |    data_o = sv2v_cast_39(data_i);
      |             ^~~~~~~~~~~~
%Warning-WIDTHTRUNC: rtl/fft_core.v:7410:26: Operator FUNCREF 'sv2v_cast_1D9BB_signed' expects 3 bits on the Function Argument, but Function Argument's VARREF 'idx' generates 32 bits.
                                           : ... note: In instance 'tlul_socket_1n'
 7410 |      if (dev_select_t == sv2v_cast_1D9BB_signed(idx))
      |                          ^~~~~~~~~~~~~~~~~~~~~~
%Warning-WIDTHTRUNC: rtl/fft_core.v:7435:36: Operator FUNCREF 'sv2v_cast_1D9BB_signed' expects 3 bits on the Function Argument, but Function Argument's VARREF 'idx' generates 32 bits.
                                           : ... note: In instance 'tlul_socket_1n'
 7435 |      if (dev_select_outstanding == sv2v_cast_1D9BB_signed(idx))
      |                                    ^~~~~~~~~~~~~~~~~~~~~~
%Warning-WIDTHTRUNC: rtl/fft_core.v:7494:216: Operator FUNCREF 'sv2v_cast_1D9BB' expects 3 bits on the Function Argument, but Function Argument's VARREF 'N' generates 32 bits.
                                            : ... note: In instance 'tlul_socket_1n'
 7494 |    assign tl_u_o[N][7 + (top_pkg_TL_SZW + (top_pkg_TL_AIW + (top_pkg_TL_AW + (top_pkg_TL_DBW + 55))))] = (tl_t_o[7 + (top_pkg_TL_SZW + (top_pkg_TL_AIW + (top_pkg_TL_AW + (top_pkg_TL_DBW + 55))))] & (dev_select_t >= sv2v_cast_1D9BB(N))) & ~hold_all_requests;
      |                                                                                                                                                                                                                        ^~~~~~~~~~~~~~~
%Warning-WIDTHEXPAND: rtl/fft_core.v:5104:671: Operator FUNCREF 'sv2v_cast_71F0A' expects 7 bits on the Function Argument, but Function Argument's CONST '1'sh0' generates 1 bits.
                                             : ... note: In instance 'tlul_adapter_sram'
%Warning-WIDTHEXPAND: rtl/fft_core.v:5145:13: Operator ASSIGN expects 32 bits on the Assign RHS, but Assign RHS's CONST '1'sh0' generates 1 bits.
                                            : ... note: In instance 'tlul_adapter_sram'
 5145 |   wmask_int = 1'sb0;
      |             ^
%Warning-WIDTHEXPAND: rtl/fft_core.v:5147:13: Operator ASSIGN expects 32 bits on the Assign RHS, but Assign RHS's CONST '1'sh0' generates 1 bits.
                                            : ... note: In instance 'tlul_adapter_sram'
 5147 |   wdata_int = 1'sb0;
      |             ^
%Warning-WIDTHEXPAND: rtl/fft_core.v:5169:14: Operator ASSIGN expects 7 bits on the Assign RHS, but Assign RHS's CONST '1'sh0' generates 1 bits.
                                            : ... note: In instance 'tlul_adapter_sram'
 5169 |   wmask_intg = 1'sb0;
      |              ^
%Warning-WIDTHEXPAND: rtl/fft_core.v:5171:14: Operator ASSIGN expects 7 bits on the Assign RHS, but Assign RHS's CONST '1'sh0' generates 1 bits.
                                            : ... note: In instance 'tlul_adapter_sram'
 5171 |   wdata_intg = 1'sb0;
      |              ^
%Warning-WIDTHEXPAND: rtl/fft_core.v:5271:11: Operator ASSIGN expects 32 bits on the Assign RHS, but Assign RHS's CONST '1'sh0' generates 1 bits.
                                            : ... note: In instance 'tlul_adapter_sram'
 5271 |     rmask = 1'sb0;
      |           ^
%Warning-WIDTHEXPAND: rtl/fft_core.v:5366:33: Operator ASSIGNW expects 12 bits on the Assign RHS, but Assign RHS's CONST '1'sh0' generates 1 bits.
                                            : ... note: In instance 'tlul_adapter_sram'
 5366 |    assign sramreqaddrfifo_rdata = 1'sb0;
      |                                 ^
%Warning-WIDTHEXPAND: rtl/fft_core.v:4382:12: Operator ASSIGNDLY expects 8 bits on the Assign RHS, but Assign RHS's CONST '1'sh0' generates 1 bits.
                                            : ... note: In instance 'tlul_adapter_reg'
 4382 |    reqid_q <= 1'sb0;
      |            ^~
%Warning-WIDTHEXPAND: rtl/fft_core.v:4384:12: Operator ASSIGNDLY expects 2 bits on the Assign RHS, but Assign RHS's CONST '1'sh0' generates 1 bits.
                                            : ... note: In instance 'tlul_adapter_reg'
 4384 |    reqsz_q <= 1'sb0;
      |            ^~
%Warning-WIDTHEXPAND: rtl/fft_core.v:4442:14: Operator ASSIGNDLY expects 32 bits on the Assign RHS, but Assign RHS's CONST '1'sh0' generates 1 bits.
                                            : ... note: In instance 'tlul_adapter_reg'
 4442 |      rdata_q <= 1'sb0;
      |              ^~
%Warning-WIDTHEXPAND: rtl/fft_core.v:4485:153: Operator FUNCREF 'sv2v_cast_11E70' expects 14 bits on the Function Argument, but Function Argument's CONST '1'sh0' generates 1 bits.
                                             : ... note: In instance 'tlul_adapter_reg'
 4485 |  assign tl_o_pre = {outstanding_q, rspop_q, 3'b000, sv2v_cast_FDEB5(reqsz_q), sv2v_cast_15E34(reqid_q), sv2v_cast_17D81(1'sb0), sv2v_cast_9783B(rdata), sv2v_cast_11E70(1'sb0), error, sv2v_cast_1(~(outstanding_q | (tl_i[7 + (top_pkg_TL_SZW + (top_pkg_TL_AIW + (top_pkg_TL_AW + (top_pkg_TL_DBW + 55))))] & busy_i)))};
      |                                                                                                                                                         ^~~~~~~~~~~~~~~
%Warning-WIDTHEXPAND: rtl/fft_core.v:4069:23: Operator FUNCREF 'sv2v_cast_8' expects 8 bits on the Function Argument, but Function Argument's VARREF 'source_q' generates 1 bits.
                                            : ... note: In instance 'tlul_adapter_host'
 4069 |    assign tl_source = sv2v_cast_8(source_q);
      |                       ^~~~~~~~~~~
%Warning-WIDTHTRUNC: rtl/fft_core.v:4115:88: Operator FUNCREF 'sv2v_cast_FDEB5_signed' expects 2 bits on the Function Argument, but Function Argument's VARREF 'WordSize' generates 32 bits.
                                           : ... note: In instance 'tlul_adapter_host'
 4115 |  assign tl_out = {req_i, (~we_i ? 3'h4 : (&be_i ? 3'h0 : 3'h1)), 3'h0, sv2v_cast_FDEB5(sv2v_cast_FDEB5_signed(WordSize)), sv2v_cast_15E34(tl_source), sv2v_cast_D591E({addr_i[31:WordSize], {WordSize {1'b0}}}), sv2v_cast_B0D6A(tl_be), sv2v_cast_9783B(wdata_i), sv2v_cast_EDEFC({5'b00000, sv2v_cast_EECFA(instr_type_i), sv2v_cast_8CACC(1'sb0), sv2v_cast_83AAC(wdata_intg_i)}), 1'b1};
      |                                                                                        ^~~~~~~~~~~~~~~~~~~~~~
%Warning-WIDTHEXPAND: rtl/fft_core.v:4115:318: Operator FUNCREF 'sv2v_cast_8CACC' expects 7 bits on the Function Argument, but Function Argument's CONST '1'sh0' generates 1 bits.
                                             : ... note: In instance 'tlul_adapter_host'
 4115 |  assign tl_out = {req_i, (~we_i ? 3'h4 : (&be_i ? 3'h0 : 3'h1)), 3'h0, sv2v_cast_FDEB5(sv2v_cast_FDEB5_signed(WordSize)), sv2v_cast_15E34(tl_source), sv2v_cast_D591E({addr_i[31:WordSize], {WordSize {1'b0}}}), sv2v_cast_B0D6A(tl_be), sv2v_cast_9783B(wdata_i), sv2v_cast_EDEFC({5'b00000, sv2v_cast_EECFA(instr_type_i), sv2v_cast_8CACC(1'sb0), sv2v_cast_83AAC(wdata_intg_i)}), 1'b1};
      |                                                                                                                                                                                                                                                                                                                              ^~~~~~~~~~~~~~~
%Warning-WIDTHEXPAND: rtl/fft_core.v:4206:23: Operator ASSIGNDLY expects 2 bits on the Assign RHS, but Assign RHS's CONST '1'sh0' generates 1 bits.
                                            : ... note: In instance 'tlul_adapter_host'
 4206 |    outstanding_reqs_q <= 1'sb0;
      |                       ^~
%Warning-WIDTHEXPAND: rtl/fft_core.v:2304:15: Operator ASSIGNDLY expects 2 bits on the Assign RHS, but Assign RHS's CONST '1'sh0' generates 1 bits.
                                            : ... note: In instance 'prim_filter_ctr'
 2304 |    diff_ctr_q <= 1'sb0;
      |               ^~
%Warning-WIDTHEXPAND: rtl/fft_core.v:2223:20: Operator ASSIGNDLY expects 4 bits on the Assign RHS, but Assign RHS's CONST '1'sh0' generates 1 bits.
                                            : ... note: In instance 'prim_filter'
 2223 |    stored_vector_q <= 1'sb0;
      |                    ^~
%Warning-WIDTHTRUNC: rtl/fft_core.v:1408:18: Operator FUNCREF 'sv2v_cast_09B00' expects 5 bits on the Function Argument, but Function Argument's VARREF 'Depth' generates 32 bits.
                                           : ... note: In instance 'prim_fifo_async_sram_adapter'
 1408 |    decval_sub = (sv2v_cast_09B00(Depth) - {1'b0, decval[PtrW - 2:0]}) - 1'b1;
      |                  ^~~~~~~~~~~~~~~
%Warning-WIDTHEXPAND: rtl/fft_core.v:1442:12: Operator ASSIGN expects 5 bits on the Assign RHS, but Assign RHS's CONST '1'sh0' generates 1 bits.
                                            : ... note: In instance 'prim_fifo_async_sram_adapter'
 1442 |    dec_tmp = 1'sb0;
      |            ^
%Warning-WIDTHTRUNC: rtl/fft_core.v:1455:19: Operator FUNCREF 'sv2v_cast_09B00' expects 5 bits on the Function Argument, but Function Argument's VARREF 'Depth' generates 32 bits.
                                           : ... note: In instance 'prim_fifo_async_sram_adapter'
 1455 |    dec_tmp_sub = (sv2v_cast_09B00(Depth) - dec_tmp) - 1'b1;
      |                   ^~~~~~~~~~~~~~~
%Warning-WIDTHEXPAND: rtl/fft_core.v:1566:40: Operator FUNCREF 'sv2v_cast_55648' expects 16 bits on the Function Argument, but Function Argument's VARREF 'w_wptr_v' generates 4 bits.
                                            : ... note: In instance 'prim_fifo_async_sram_adapter'
 1566 |  assign w_sram_addr_o = SramBaseAddr + sv2v_cast_55648(w_wptr_v);
      |                                        ^~~~~~~~~~~~~~~
%Warning-WIDTHEXPAND: rtl/fft_core.v:1598:24: Operator ASSIGNW expects 32 bits on the Assign RHS, but Assign RHS's CONST '1'sh0' generates 1 bits.
                                            : ... note: In instance 'prim_fifo_async_sram_adapter'
 1598 |  assign r_sram_wdata_o = 1'sb0;
      |                        ^
%Warning-WIDTHEXPAND: rtl/fft_core.v:1600:24: Operator ASSIGNW expects 32 bits on the Assign RHS, but Assign RHS's CONST '1'sh0' generates 1 bits.
                                            : ... note: In instance 'prim_fifo_async_sram_adapter'
 1600 |  assign r_sram_wmask_o = 1'sb0;
      |                        ^
%Warning-WIDTHEXPAND: rtl/fft_core.v:1602:40: Operator FUNCREF 'sv2v_cast_55648' expects 16 bits on the Function Argument, but Function Argument's SEL generates 4 bits.
                                            : ... note: In instance 'prim_fifo_async_sram_adapter'
 1602 |  assign r_sram_addr_o = SramBaseAddr + sv2v_cast_55648(r_sram_rptr[0+:PtrVW]);
      |                                        ^~~~~~~~~~~~~~~
%Warning-WIDTHEXPAND: rtl/fft_core.v:3894:581: Operator ASSIGNW expects 3 bits on the Assign RHS, but Assign RHS's CONST '1'sh0' generates 1 bits.
                                             : ... note: In instance 'sram2tlul'
%Warning-WIDTHTRUNC: rtl/fft_core.v:3900:502: Operator FUNCREF 'sv2v_cast_FDEB5' expects 2 bits on the Function Argument, but Function Argument's VARREF 'SRAM_DWB' generates 32 bits.
                                            : ... note: In instance 'sram2tlul'
%Warning-WIDTHEXPAND: rtl/fft_core.v:3902:375: Operator ASSIGNW expects 8 bits on the Assign RHS, but Assign RHS's CONST '1'sh0' generates 1 bits.
                                             : ... note: In instance 'sram2tlul'
 3902 |  assign tl_o[top_pkg_TL_AIW + (top_pkg_TL_AW + (top_pkg_TL_DBW + 55))-:(((32'sd8 + 32'sd32) + (top_pkg_TL_DBW + 55)) >= (32'sd32 + (top_pkg_TL_DBW + 56)) ? ((top_pkg_TL_AIW + (top_pkg_TL_AW + (top_pkg_TL_DBW + 55))) - (top_pkg_TL_AW + (top_pkg_TL_DBW + 56))) + 1 : ((top_pkg_TL_AW + (top_pkg_TL_DBW + 56)) - (top_pkg_TL_AIW + (top_pkg_TL_AW + (top_pkg_TL_DBW + 55)))) + 1)] = 1'sb0;
      |                                                                                                                                                                                                                                                                                                                                                                                       ^
%Warning-WIDTHEXPAND: rtl/fft_core.v:3906:112: Operator ASSIGNW expects 4 bits on the Assign RHS, but Assign RHS's CONST '1'sh1' generates 1 bits.
                                             : ... note: In instance 'sram2tlul'
 3906 |  assign tl_o[top_pkg_TL_DBW + 55-:((top_pkg_TL_DBW + 55) >= 56 ? top_pkg_TL_DBW : 57 - (top_pkg_TL_DBW + 55))] = 1'sb1;
      |                                                                                                                ^
%Warning-WIDTHEXPAND: rtl/fft_core.v:3910:22: Operator ASSIGNW expects 23 bits on the Assign RHS, but Assign RHS's CONST '1'sh0' generates 1 bits.
                                            : ... note: In instance 'sram2tlul'
 3910 |  assign tl_o[23-:23] = 1'sb0;
      |                      ^
%Warning-UNUSEDSIGNAL: rtl/fft_core.v:323:13: Signal is not used: 'clk_i'
                                            : ... note: In instance 'prim_cdc_rand_delay'
  323 |  input wire clk_i;
      |             ^~~~~
                       ... For warning description see https://verilator.org/warn/UNUSEDSIGNAL?v=5.036
                       ... Use "/* verilator lint_off UNUSEDSIGNAL */" and lint_on around source to disable this message.
%Warning-UNUSEDSIGNAL: rtl/fft_core.v:325:13: Signal is not used: 'rst_ni'
                                            : ... note: In instance 'prim_cdc_rand_delay'
  325 |  input wire rst_ni;
      |             ^~~~~~
%Warning-UNUSEDSIGNAL: rtl/fft_core.v:327:31: Signal is not used: 'prev_data_i'
                                            : ... note: In instance 'prim_cdc_rand_delay'
  327 |  input wire [DataWidth - 1:0] prev_data_i;
      |                               ^~~~~~~~~~~
%Warning-UNUSEDPARAM: rtl/fft_core.v:321:18: Parameter is not used: 'Enable'
                                           : ... note: In instance 'prim_cdc_rand_delay'
  321 |  parameter [0:0] Enable = 1;
      |                  ^~~~~~
                      ... For warning description see https://verilator.org/warn/UNUSEDPARAM?v=5.036
                      ... Use "/* verilator lint_off UNUSEDPARAM */" and lint_on around source to disable this message.
%Warning-UNUSEDSIGNAL: rtl/fft_core.v:3841:8: Signal is not used: 'clk_i'
                                            : ... note: In instance 'sram2tlul'
 3841 |  input clk_i;
      |        ^~~~~
%Warning-UNUSEDSIGNAL: rtl/fft_core.v:3843:8: Signal is not used: 'rst_ni'
                                            : ... note: In instance 'sram2tlul'
 3843 |  input rst_ni;
      |        ^~~~~~
%Warning-UNUSEDPARAM: rtl/fft_core.v:3846:27: Parameter is not used: 'prim_mubi_pkg_MuBi4Width'
                                            : ... note: In instance 'sram2tlul'
 3846 |  localparam signed [31:0] prim_mubi_pkg_MuBi4Width = 4;
      |                           ^~~~~~~~~~~~~~~~~~~~~~~~
%Warning-UNUSEDPARAM: rtl/fft_core.v:3849:27: Parameter is not used: 'tlul_pkg_H2DCmdIntgWidth'
                                            : ... note: In instance 'sram2tlul'
 3849 |  localparam signed [31:0] tlul_pkg_H2DCmdIntgWidth = 7;
      |                           ^~~~~~~~~~~~~~~~~~~~~~~~
%Warning-UNUSEDPARAM: rtl/fft_core.v:3983:27: Parameter is not used: 'prim_mubi_pkg_MuBi4Width'
                                            : ... note: In instance 'tlul_adapter_host'
 3983 |  localparam signed [31:0] prim_mubi_pkg_MuBi4Width = 4;
      |                           ^~~~~~~~~~~~~~~~~~~~~~~~
%Warning-UNUSEDPARAM: rtl/fft_core.v:3998:27: Parameter is not used: 'tlul_pkg_H2DCmdIntgWidth'
                                            : ... note: In instance 'tlul_adapter_host'
 3998 |  localparam signed [31:0] tlul_pkg_H2DCmdIntgWidth = 7;
      |                           ^~~~~~~~~~~~~~~~~~~~~~~~
%Warning-UNUSEDPARAM: rtl/fft_core.v:4259:27: Parameter is not used: 'prim_mubi_pkg_MuBi4Width'
                                            : ... note: In instance 'tlul_adapter_reg'
 4259 |  localparam signed [31:0] prim_mubi_pkg_MuBi4Width = 4;
      |                           ^~~~~~~~~~~~~~~~~~~~~~~~
%Warning-UNUSEDPARAM: rtl/fft_core.v:4262:27: Parameter is not used: 'tlul_pkg_H2DCmdIntgWidth'
                                            : ... note: In instance 'tlul_adapter_reg'
 4262 |  localparam signed [31:0] tlul_pkg_H2DCmdIntgWidth = 7;
      |                           ^~~~~~~~~~~~~~~~~~~~~~~~
%Warning-UNUSEDPARAM: rtl/fft_core.v:4306:27: Parameter is not used: 'IW'
                                            : ... note: In instance 'tlul_adapter_reg'
 4306 |  localparam signed [31:0] IW = top_pkg_TL_AIW;
      |                           ^~
%Warning-UNUSEDSIGNAL: rtl/fft_core.v:4321:7: Signal is not used: 'instr_error'
                                            : ... note: In instance 'tlul_adapter_reg'
 4321 |  wire instr_error;
      |       ^~~~~~~~~~~
%Warning-UNUSEDSIGNAL: rtl/fft_core.v:4322:7: Signal is not used: 'intg_error'
                                            : ... note: In instance 'tlul_adapter_reg'
 4322 |  wire intg_error;
      |       ^~~~~~~~~~
%Warning-UNUSEDSIGNAL: rtl/fft_core.v:4326:7: Signal is not used: 'malformed_meta_err'
                                            : ... note: In instance 'tlul_adapter_reg'
 4326 |  wire malformed_meta_err;
      |       ^~~~~~~~~~~~~~~~~~
%Warning-UNUSEDSIGNAL: rtl/fft_core.v:4328:7: Signal is not used: 'tl_err'
                                            : ... note: In instance 'tlul_adapter_reg'
 4328 |  wire tl_err;
      |       ^~~~~~
%Warning-UNUSEDPARAM: rtl/fft_core.v:4665:27: Parameter is not used: 'tlul_pkg_H2DCmdIntgWidth'
                                            : ... note: In instance 'tlul_adapter_sram'
 4665 |  localparam signed [31:0] tlul_pkg_H2DCmdIntgWidth = 7;
      |                           ^~~~~~~~~~~~~~~~~~~~~~~~
%Warning-UNUSEDSIGNAL: rtl/fft_core.v:4946:7: Signal is not used: 'rspfifo_wready'
                                            : ... note: In instance 'tlul_adapter_sram'
 4946 |  wire rspfifo_wready;
      |       ^~~~~~~~~~~~~~
%Warning-UNUSEDPARAM: rtl/fft_core.v:5030:27: Parameter is not used: 'tlul_pkg_DataMaxWidth'
                                            : ... note: In instance 'tlul_adapter_sram'
 5030 |  localparam signed [31:0] tlul_pkg_DataMaxWidth = 32;
      |                           ^~~~~~~~~~~~~~~~~~~~~
%Warning-UNUSEDPARAM: rtl/fft_core.v:6048:27: Parameter is not used: 'prim_mubi_pkg_MuBi4Width'
                                            : ... note: In instance 'tlul_assert_multiple'
 6048 |  localparam signed [31:0] prim_mubi_pkg_MuBi4Width = 4;
      |                           ^~~~~~~~~~~~~~~~~~~~~~~~
%Warning-UNUSEDPARAM: rtl/fft_core.v:6051:27: Parameter is not used: 'tlul_pkg_H2DCmdIntgWidth'
                                            : ... note: In instance 'tlul_assert_multiple'
 6051 |  localparam signed [31:0] tlul_pkg_H2DCmdIntgWidth = 7;
      |                           ^~~~~~~~~~~~~~~~~~~~~~~~
%Warning-UNUSEDPARAM: rtl/fft_core.v:6646:27: Parameter is not used: 'prim_mubi_pkg_MuBi4Width'
                                            : ... note: In instance 'tlul_fifo_async'
 6646 |  localparam signed [31:0] prim_mubi_pkg_MuBi4Width = 4;
      |                           ^~~~~~~~~~~~~~~~~~~~~~~~
%Warning-UNUSEDPARAM: rtl/fft_core.v:6649:27: Parameter is not used: 'tlul_pkg_H2DCmdIntgWidth'
                                            : ... note: In instance 'tlul_fifo_async'
 6649 |  localparam signed [31:0] tlul_pkg_H2DCmdIntgWidth = 7;
      |                           ^~~~~~~~~~~~~~~~~~~~~~~~
%Warning-UNUSEDPARAM: rtl/fft_core.v:7077:27: Parameter is not used: 'tlul_pkg_H2DCmdIntgWidth'
                                            : ... note: In instance 'tlul_socket_1n'
 7077 |  localparam signed [31:0] tlul_pkg_H2DCmdIntgWidth = 7;
      |                           ^~~~~~~~~~~~~~~~~~~~~~~~
%Warning-UNUSEDPARAM: rtl/fft_core.v:7132:27: Parameter is not used: 'MaxOutstanding'
                                            : ... note: In instance 'tlul_socket_1n'
 7132 |  localparam signed [31:0] MaxOutstanding = 256;
      |                           ^~~~~~~~~~~~~~
%Warning-UNUSEDPARAM: rtl/fft_core.v:7134:27: Parameter is not used: 'OutstandingW'
                                            : ... note: In instance 'tlul_socket_1n'
 7134 |  localparam signed [31:0] OutstandingW = 9;
      |                           ^~~~~~~~~~~~
%Warning-UNUSEDPARAM: rtl/fft_core.v:7218:27: Parameter is not used: 'tlul_pkg_H2DCmdMaxWidth'
                                            : ... note: In instance 'tlul_socket_1n'
 7218 |  localparam signed [31:0] tlul_pkg_H2DCmdMaxWidth = 57;
      |                           ^~~~~~~~~~~~~~~~~~~~~~~
%Warning-UNUSEDPARAM: rtl/fft_core.v:7564:27: Parameter is not used: 'prim_mubi_pkg_MuBi4Width'
                                            : ... note: In instance 'tlul_socket_m1'
 7564 |  localparam signed [31:0] prim_mubi_pkg_MuBi4Width = 4;
      |                           ^~~~~~~~~~~~~~~~~~~~~~~~
%Warning-UNUSEDPARAM: rtl/fft_core.v:7567:27: Parameter is not used: 'tlul_pkg_H2DCmdIntgWidth'
                                            : ... note: In instance 'tlul_socket_m1'
 7567 |  localparam signed [31:0] tlul_pkg_H2DCmdIntgWidth = 7;
      |                           ^~~~~~~~~~~~~~~~~~~~~~~~
%Warning-UNUSEDSIGNAL: rtl/fft_core.v:7615:111: Bits of signal are not used: 'arb_data'[108,0]
                                              : ... note: In instance 'tlul_socket_m1'
 7615 |  wire [(((((7 + top_pkg_TL_SZW) + top_pkg_TL_AIW) + top_pkg_TL_AW) + top_pkg_TL_DBW) + top_pkg_TL_DW) + 23:0] arb_data;
      |                                                                                                               ^~~~~~~~
%Warning-UNDRIVEN: rtl/fft_core.v:8675:14: Signal is not driven: 'fft_out_valid_o'
                                         : ... note: In instance 'fft_core'
 8675 |  output wire fft_out_valid_o;
      |              ^~~~~~~~~~~~~~~
                   ... For warning description see https://verilator.org/warn/UNDRIVEN?v=5.036
                   ... Use "/* verilator lint_off UNDRIVEN */" and lint_on around source to disable this message.
%Warning-UNDRIVEN: rtl/fft_core.v:8677:46: Signal is not driven: 'fft_out_data_o'
                                         : ... note: In instance 'fft_core'
 8677 |  output wire signed [(2 * DATA_WIDTH) - 1:0] fft_out_data_o;
      |                                              ^~~~~~~~~~~~~~
%Warning-UNUSEDSIGNAL: rtl/fft_core.v:8679:13: Signal is not used: 'fft_out_ready_i'
                                             : ... note: In instance 'fft_core'
 8679 |  input wire fft_out_ready_i;
      |             ^~~~~~~~~~~~~~~
%Warning-UNUSEDPARAM: rtl/fft_core.v:8661:18: Parameter is not used: 'ASYNC'
                                            : ... note: In instance 'fft_core'
 8661 |  parameter [0:0] ASYNC = 0;
      |                  ^~~~~
%Warning-UNUSEDSIGNAL: rtl/fft_core.v:8791:20: Signal is not used: 'm'
                                             : ... note: In instance 'fft_core'
 8791 |  reg signed [31:0] m;
      |                    ^
%Warning-UNUSEDSIGNAL: rtl/fft_core.v:8957:7: Signal is not driven, nor used: 'we_mem_w'
                                            : ... note: In instance 'fft_core'
 8957 |  wire we_mem_w;
      |       ^~~~~~~~
%Warning-UNUSEDSIGNAL: rtl/fft_core.v:8984:6: Signal is not used: 'sample_pair_valid'
                                            : ... note: In instance 'fft_core'
 8984 |  reg sample_pair_valid;
      |      ^~~~~~~~~~~~~~~~~
%Warning-UNUSEDSIGNAL: rtl/fft_core.v:9023:7: Signal is not driven, nor used: 'mem_in_valid'
                                            : ... note: In instance 'fft_core'
 9023 |  wire mem_in_valid;
      |       ^~~~~~~~~~~~
%Warning-UNUSEDSIGNAL: rtl/fft_core.v:9024:7: Signal is not driven, nor used: 'mem_in_ready'
                                            : ... note: In instance 'fft_core'
 9024 |  wire mem_in_ready;
      |       ^~~~~~~~~~~~
%Warning-UNUSEDSIGNAL: rtl/fft_core.v:9027:7: Signal is not driven, nor used: 'mem_out_valid'
                                            : ... note: In instance 'fft_core'
 9027 |  wire mem_out_valid;
      |       ^~~~~~~~~~~~~
%Warning-UNUSEDSIGNAL: rtl/fft_core.v:9028:7: Signal is not used: 'mem_out_ready'
                                            : ... note: In instance 'fft_core'
 9028 |  wire mem_out_ready;
      |       ^~~~~~~~~~~~~
%Warning-UNUSEDPARAM: rtl/fft_core.v:5509:27: Parameter is not used: 'prim_mubi_pkg_MuBi4Width'
                                            : ... note: In instance 'tlul_assert_multiple.gen_assert[1].tlul_assert'
 5509 |  localparam signed [31:0] prim_mubi_pkg_MuBi4Width = 4;
      |                           ^~~~~~~~~~~~~~~~~~~~~~~~
%Warning-UNUSEDPARAM: rtl/fft_core.v:5512:27: Parameter is not used: 'tlul_pkg_H2DCmdIntgWidth'
                                            : ... note: In instance 'tlul_assert_multiple.gen_assert[1].tlul_assert'
 5512 |  localparam signed [31:0] tlul_pkg_H2DCmdIntgWidth = 7;
      |                           ^~~~~~~~~~~~~~~~~~~~~~~~
%Warning-UNUSEDSIGNAL: rtl/fft_core.v:5537:6: Signal is not used: 'disable_sva'
                                            : ... note: In instance 'tlul_assert_multiple.gen_assert[1].tlul_assert'
 5537 |  reg disable_sva;
      |      ^~~~~~~~~~~
%Warning-UNUSEDSIGNAL: rtl/fft_core.v:5539:6: Signal is not used: 'disable_d_error_sva'
                                            : ... note: In instance 'tlul_assert_multiple.gen_assert[1].tlul_assert'
 5539 |  reg disable_d_error_sva;
      |      ^~~~~~~~~~~~~~~~~~~
%Warning-UNUSEDSIGNAL: rtl/fft_core.v:5541:13: Signal is not used: 'a_mask'
                                             : ... note: In instance 'tlul_assert_multiple.gen_assert[1].tlul_assert'
 5541 |  wire [7:0] a_mask;
      |             ^~~~~~
%Warning-UNUSEDSIGNAL: rtl/fft_core.v:5542:13: Signal is not used: 'd_mask'
                                             : ... note: In instance 'tlul_assert_multiple.gen_assert[1].tlul_assert'
 5542 |  wire [7:0] d_mask;
      |             ^~~~~~
%Warning-UNUSEDSIGNAL: rtl/fft_core.v:5544:14: Signal is not used: 'a_data'
                                             : ... note: In instance 'tlul_assert_multiple.gen_assert[1].tlul_assert'
 5544 |  wire [63:0] a_data;
      |              ^~~~~~
%Warning-UNUSEDSIGNAL: rtl/fft_core.v:5545:14: Signal is not used: 'd_data'
                                             : ... note: In instance 'tlul_assert_multiple.gen_assert[1].tlul_assert'
 5545 |  wire [63:0] d_data;
      |              ^~~~~~
%Warning-UNUSEDSIGNAL: rtl/fft_core.v:6350:8: Signal is not used: 'clk_i'
                                            : ... note: In instance 'tlul_adapter_sram.u_err'
 6350 |  input clk_i;
      |        ^~~~~
%Warning-UNUSEDSIGNAL: rtl/fft_core.v:6352:8: Signal is not used: 'rst_ni'
                                            : ... note: In instance 'tlul_adapter_sram.u_err'
 6352 |  input rst_ni;
      |        ^~~~~~
%Warning-UNUSEDPARAM: rtl/fft_core.v:6355:27: Parameter is not used: 'prim_mubi_pkg_MuBi4Width'
                                            : ... note: In instance 'tlul_adapter_sram.u_err'
 6355 |  localparam signed [31:0] prim_mubi_pkg_MuBi4Width = 4;
      |                           ^~~~~~~~~~~~~~~~~~~~~~~~
%Warning-UNUSEDPARAM: rtl/fft_core.v:6357:27: Parameter is not used: 'tlul_pkg_DataIntgWidth'
                                            : ... note: In instance 'tlul_adapter_sram.u_err'
 6357 |  localparam signed [31:0] tlul_pkg_DataIntgWidth = 7;
      |                           ^~~~~~~~~~~~~~~~~~~~~~
%Warning-UNUSEDPARAM: rtl/fft_core.v:6358:27: Parameter is not used: 'tlul_pkg_H2DCmdIntgWidth'
                                            : ... note: In instance 'tlul_adapter_sram.u_err'
 6358 |  localparam signed [31:0] tlul_pkg_H2DCmdIntgWidth = 7;
      |                           ^~~~~~~~~~~~~~~~~~~~~~~~
%Warning-UNUSEDPARAM: rtl/fft_core.v:6370:27: Parameter is not used: 'IW'
                                            : ... note: In instance 'tlul_adapter_sram.u_err'
 6370 |  localparam signed [31:0] IW = top_pkg_TL_AIW;
      |                           ^~
%Warning-UNUSEDPARAM: rtl/fft_core.v:6372:27: Parameter is not used: 'SZW'
                                            : ... note: In instance 'tlul_adapter_sram.u_err'
 6372 |  localparam signed [31:0] SZW = top_pkg_TL_SZW;
      |                           ^~~
%Warning-UNUSEDPARAM: rtl/fft_core.v:6374:27: Parameter is not used: 'DW'
                                            : ... note: In instance 'tlul_adapter_sram.u_err'
 6374 |  localparam signed [31:0] DW = top_pkg_TL_DW;
      |                           ^~
%Warning-UNUSEDPARAM: rtl/fft_core.v:6378:27: Parameter is not used: 'SubAW'
                                            : ... note: In instance 'tlul_adapter_sram.u_err'
 6378 |  localparam signed [31:0] SubAW = 2;
      |                           ^~~~~
%Warning-UNUSEDPARAM: rtl/fft_core.v:6512:27: Parameter is not used: 'prim_mubi_pkg_MuBi4Width'
                                            : ... note: In instance 'tlul_socket_1n.gen_err_resp.err_resp'
 6512 |  localparam signed [31:0] prim_mubi_pkg_MuBi4Width = 4;
      |                           ^~~~~~~~~~~~~~~~~~~~~~~~
%Warning-UNUSEDPARAM: rtl/fft_core.v:6515:27: Parameter is not used: 'tlul_pkg_H2DCmdIntgWidth'
                                            : ... note: In instance 'tlul_socket_1n.gen_err_resp.err_resp'
 6515 |  localparam signed [31:0] tlul_pkg_H2DCmdIntgWidth = 7;
      |                           ^~~~~~~~~~~~~~~~~~~~~~~~
%Warning-UNUSEDPARAM: rtl/fft_core.v:6185:27: Parameter is not used: 'tlul_pkg_H2DCmdIntgWidth'
                                            : ... note: In instance 'tlul_adapter_host.u_cmd_intg_gen'
 6185 |  localparam signed [31:0] tlul_pkg_H2DCmdIntgWidth = 7;
      |                           ^~~~~~~~~~~~~~~~~~~~~~~~
%Warning-UNUSEDPARAM: rtl/fft_core.v:6199:27: Parameter is not used: 'tlul_pkg_H2DCmdMaxWidth'
                                            : ... note: In instance 'tlul_adapter_host.u_cmd_intg_gen'
 6199 |  localparam signed [31:0] tlul_pkg_H2DCmdMaxWidth = 57;
      |                           ^~~~~~~~~~~~~~~~~~~~~~~
%Warning-UNUSEDPARAM: rtl/fft_core.v:6251:27: Parameter is not used: 'tlul_pkg_DataMaxWidth'
                                            : ... note: In instance 'tlul_adapter_host.u_cmd_intg_gen'
 6251 |  localparam signed [31:0] tlul_pkg_DataMaxWidth = 32;
      |                           ^~~~~~~~~~~~~~~~~~~~~
%Warning-UNUSEDSIGNAL: rtl/fft_core.v:7841:8: Signal is not used: 'clk_i'
                                            : ... note: In instance 'tlul_adapter_sram.u_sram_byte'
 7841 |  input clk_i;
      |        ^~~~~
%Warning-UNUSEDSIGNAL: rtl/fft_core.v:7843:8: Signal is not used: 'rst_ni'
                                            : ... note: In instance 'tlul_adapter_sram.u_sram_byte'
 7843 |  input rst_ni;
      |        ^~~~~~
%Warning-UNUSEDSIGNAL: rtl/fft_core.v:7832:6: Signal is not used: '_sv2v_0'
                                            : ... note: In instance 'tlul_adapter_sram.u_sram_byte'
 7832 |  reg _sv2v_0;
      |      ^~~~~~~
%Warning-UNUSEDPARAM: rtl/fft_core.v:7849:27: Parameter is not used: 'tlul_pkg_H2DCmdIntgWidth'
                                            : ... note: In instance 'tlul_adapter_sram.u_sram_byte'
 7849 |  localparam signed [31:0] tlul_pkg_H2DCmdIntgWidth = 7;
      |                           ^~~~~~~~~~~~~~~~~~~~~~~~
%Warning-UNUSEDPARAM: rtl/fft_core.v:7896:27: Parameter is not used: 'StateWidth'
                                            : ... note: In instance 'tlul_adapter_sram.u_sram_byte'
 7896 |  localparam signed [31:0] StateWidth = 8;
      |                           ^~~~~~~~~~
%Warning-UNUSEDPARAM: rtl/fft_core.v:6742:27: Parameter is not used: 'prim_mubi_pkg_MuBi4Width'
                                            : ... note: In instance 'tlul_socket_1n.fifo_h'
 6742 |  localparam signed [31:0] prim_mubi_pkg_MuBi4Width = 4;
      |                           ^~~~~~~~~~~~~~~~~~~~~~~~
%Warning-UNUSEDPARAM: rtl/fft_core.v:6745:27: Parameter is not used: 'tlul_pkg_H2DCmdIntgWidth'
                                            : ... note: In instance 'tlul_socket_1n.fifo_h'
 6745 |  localparam signed [31:0] tlul_pkg_H2DCmdIntgWidth = 7;
      |                           ^~~~~~~~~~~~~~~~~~~~~~~~
%Warning-UNUSEDSIGNAL: rtl/fft_core.v:12192:19: Bits of signal are not used: 'addr'[4:3]
                                              : ... note: In instance 'fft_core.tw_rom'
12192 |  input wire [4:0] addr;
      |                   ^~~~
%Warning-UNUSEDSIGNAL: rtl/fft_core.v:6915:6: Signal is not used: '_sv2v_0'
                                            : ... note: In instance 'tlul_adapter_sram.u_rsp_gen'
 6915 |  reg _sv2v_0;
      |      ^~~~~~~
%Warning-UNUSEDPARAM: rtl/fft_core.v:6936:27: Parameter is not used: 'tlul_pkg_D2HRspMaxWidth'
                                            : ... note: In instance 'tlul_adapter_sram.u_rsp_gen'
 6936 |  localparam signed [31:0] tlul_pkg_D2HRspMaxWidth = 57;
      |                           ^~~~~~~~~~~~~~~~~~~~~~~
%Warning-UNUSEDPARAM: rtl/fft_core.v:6937:27: Parameter is not used: 'tlul_pkg_DataMaxWidth'
                                            : ... note: In instance 'tlul_adapter_sram.u_rsp_gen'
 6937 |  localparam signed [31:0] tlul_pkg_DataMaxWidth = 32;
      |                           ^~~~~~~~~~~~~~~~~~~~~
%Warning-SYNCASYNCNET: rtl/fft_core.v:8665:13: Signal flopped as both synchronous and async: 'fft_core.rst_ni'
                       rtl/fft_core.v:8724:8: ... Location of async usage
 8724 |   if (!rst_ni)
      |        ^~~~~~
                       rtl/fft_core.v:9465:8: ... Location of sync usage
 9465 |   if (!rst_ni)
      |        ^~~~~~
                       ... For warning description see https://verilator.org/warn/SYNCASYNCNET?v=5.036
                       ... Use "/* verilator lint_off SYNCASYNCNET */" and lint_on around source to disable this message.
- V e r i l a t i o n   R e p o r t: Verilator 5.036 2025-04-27 rev v5.036-48-g0dc93c1d5
- Verilator: Built from 0.388 MB sources in 50 modules, into 1.040 MB in 8 C++ files needing 0.000 MB
- Verilator: Walltime 0.324 s (elab=0.079, cvt=0.171, bld=0.000); cpu 0.324 s on 1 threads; alloced 34.312 MB
