OpenSTA 2.6.2 ce98bde188 Copyright (c) 2025, Parallax Software, Inc.
License GPLv3: GNU GPL version 3 <http://gnu.org/licenses/gpl.html>

This is free software, and you are free to change and redistribute it
under certain conditions; type `show_copying' for details. 
This program comes with ABSOLUTELY NO WARRANTY; for details type `show_warranty'.

===========================================================================
Define corners Slowest Typical Fastest
===========================================================================

define_corners Slowest Typical Fastest

===========================================================================
Read liberty files
===========================================================================

read_liberty -corner Slowest lib/sky130_fd_sc_hd__ss_100C_1v40.lib
read_liberty -corner Typical lib/sky130_fd_sc_hd__tt_025C_1v80.lib
read_liberty -corner Fastest lib/sky130_fd_sc_hd__ff_n40C_1v95.lib

===========================================================================
Read verilog and link top module
===========================================================================

read_verilog syn/cache_wrapper_synth.v
link_design cache_wrapper

===========================================================================
Read SDC
===========================================================================

read_sdc signoff/cache_wrapper.sdc


===========================================================================
(Probability Power Analysis) report_power
============================================================================
set_power_activity -input -activity .10
set_power_activity -input_port rst_ni -activity 0

======================= Fastest Corner ===================================
Group                  Internal  Switching    Leakage      Total
                          Power      Power      Power      Power (Watts)
----------------------------------------------------------------
Sequential             3.06e-02   9.81e-06   1.14e-07   3.06e-02  94.0%
Combinational          1.59e-03   3.81e-04   1.53e-08   1.97e-03   6.0%
Clock                  0.00e+00   0.00e+00   0.00e+00   0.00e+00   0.0%
Macro                  0.00e+00   0.00e+00   0.00e+00   0.00e+00   0.0%
Pad                    0.00e+00   0.00e+00   0.00e+00   0.00e+00   0.0%
----------------------------------------------------------------
Total                  3.22e-02   3.90e-04   1.29e-07   3.26e-02 100.0%
                          98.8%       1.2%       0.0%


======================= Slowest Corner ===================================
Group                  Internal  Switching    Leakage      Total
                          Power      Power      Power      Power (Watts)
----------------------------------------------------------------
Sequential             1.45e-02   4.67e-06   6.55e-05   1.46e-02  97.3%
Combinational          2.16e-04   1.87e-04   5.43e-06   4.08e-04   2.7%
Clock                  0.00e+00   0.00e+00   0.00e+00   0.00e+00   0.0%
Macro                  0.00e+00   0.00e+00   0.00e+00   0.00e+00   0.0%
Pad                    0.00e+00   0.00e+00   0.00e+00   0.00e+00   0.0%
----------------------------------------------------------------
Total                  1.47e-02   1.92e-04   7.09e-05   1.50e-02 100.0%
                          98.2%       1.3%       0.5%


======================= Typical Corner ===================================
Group                  Internal  Switching    Leakage      Total
                          Power      Power      Power      Power (Watts)
----------------------------------------------------------------
Sequential             2.65e-02   8.18e-06   5.44e-08   2.65e-02  96.5%
Combinational          6.40e-04   3.22e-04   6.51e-09   9.62e-04   3.5%
Clock                  0.00e+00   0.00e+00   0.00e+00   0.00e+00   0.0%
Macro                  0.00e+00   0.00e+00   0.00e+00   0.00e+00   0.0%
Pad                    0.00e+00   0.00e+00   0.00e+00   0.00e+00   0.0%
----------------------------------------------------------------
Total                  2.71e-02   3.30e-04   6.09e-08   2.74e-02 100.0%
                          98.8%       1.2%       0.0%

===========================================================================
(VCD Power Analysis) report_power
============================================================================
read_vcd -scope cache_wrapper_tb/u_cache_wrapper sim/dump_cache_wrapper.vcd
Annotated 0 pin activities.

======================= Fastest Corner ===================================
Group                  Internal  Switching    Leakage      Total
                          Power      Power      Power      Power (Watts)
----------------------------------------------------------------
Sequential             3.06e-02   9.81e-06   1.14e-07   3.06e-02  94.0%
Combinational          1.59e-03   3.81e-04   1.53e-08   1.97e-03   6.0%
Clock                  0.00e+00   0.00e+00   0.00e+00   0.00e+00   0.0%
Macro                  0.00e+00   0.00e+00   0.00e+00   0.00e+00   0.0%
Pad                    0.00e+00   0.00e+00   0.00e+00   0.00e+00   0.0%
----------------------------------------------------------------
Total                  3.22e-02   3.90e-04   1.29e-07   3.26e-02 100.0%
                          98.8%       1.2%       0.0%


======================= Slowest Corner ===================================
Group                  Internal  Switching    Leakage      Total
                          Power      Power      Power      Power (Watts)
----------------------------------------------------------------
Sequential             1.45e-02   4.67e-06   6.55e-05   1.46e-02  97.3%
Combinational          2.16e-04   1.87e-04   5.43e-06   4.08e-04   2.7%
Clock                  0.00e+00   0.00e+00   0.00e+00   0.00e+00   0.0%
Macro                  0.00e+00   0.00e+00   0.00e+00   0.00e+00   0.0%
Pad                    0.00e+00   0.00e+00   0.00e+00   0.00e+00   0.0%
----------------------------------------------------------------
Total                  1.47e-02   1.92e-04   7.09e-05   1.50e-02 100.0%
                          98.2%       1.3%       0.5%


======================= Typical Corner ===================================
Group                  Internal  Switching    Leakage      Total
                          Power      Power      Power      Power (Watts)
----------------------------------------------------------------
Sequential             2.65e-02   8.18e-06   5.44e-08   2.65e-02  96.5%
Combinational          6.40e-04   3.22e-04   6.51e-09   9.62e-04   3.5%
Clock                  0.00e+00   0.00e+00   0.00e+00   0.00e+00   0.0%
Macro                  0.00e+00   0.00e+00   0.00e+00   0.00e+00   0.0%
Pad                    0.00e+00   0.00e+00   0.00e+00   0.00e+00   0.0%
----------------------------------------------------------------
Total                  2.71e-02   3.30e-04   6.09e-08   2.74e-02 100.0%
                          98.8%       1.2%       0.0%

