OpenSTA 2.6.2 ce98bde188 Copyright (c) 2025, Parallax Software, Inc.
License GPLv3: GNU GPL version 3 <http://gnu.org/licenses/gpl.html>

This is free software, and you are free to change and redistribute it
under certain conditions; type `show_copying' for details. 
This program comes with ABSOLUTELY NO WARRANTY; for details type `show_warranty'.

===========================================================================
Define corners Slowest Typical Fastest
===========================================================================

define_corners Slowest Typical Fastest

===========================================================================
Read liberty files
===========================================================================

read_liberty -corner Slowest lib/sky130_fd_sc_hd__ss_100C_1v40.lib
read_liberty -corner Typical lib/sky130_fd_sc_hd__tt_025C_1v80.lib
read_liberty -corner Fastest lib/sky130_fd_sc_hd__ff_n40C_1v95.lib

===========================================================================
Read verilog and link top module
===========================================================================

read_verilog syn/pwm_ramp_synth.v
link_design pwm_ramp

===========================================================================
Read SDC
===========================================================================

read_sdc signoff/pwm_ramp.sdc


===========================================================================
(Probability Power Analysis) report_power
============================================================================
set_power_activity -input -activity .10
set_power_activity -input_port rst_ni -activity 0

======================= Fastest Corner ===================================
Group                  Internal  Switching    Leakage      Total
                          Power      Power      Power      Power (Watts)
----------------------------------------------------------------
Sequential             1.89e-04   2.31e-05   4.51e-08   2.12e-04  72.5%
Combinational          4.53e-05   3.54e-05   6.14e-10   8.07e-05  27.5%
Clock                  0.00e+00   0.00e+00   0.00e+00   0.00e+00   0.0%
Macro                  0.00e+00   0.00e+00   0.00e+00   0.00e+00   0.0%
Pad                    0.00e+00   0.00e+00   0.00e+00   0.00e+00   0.0%
----------------------------------------------------------------
Total                  2.35e-04   5.85e-05   4.58e-08   2.93e-04 100.0%
                          80.0%      19.9%       0.0%


======================= Slowest Corner ===================================
Group                  Internal  Switching    Leakage      Total
                          Power      Power      Power      Power (Watts)
----------------------------------------------------------------
Sequential             9.52e-05   1.12e-05   3.88e-07   1.07e-04  71.1%
Combinational          2.64e-05   1.68e-05   2.40e-07   4.35e-05  28.9%
Clock                  0.00e+00   0.00e+00   0.00e+00   0.00e+00   0.0%
Macro                  0.00e+00   0.00e+00   0.00e+00   0.00e+00   0.0%
Pad                    0.00e+00   0.00e+00   0.00e+00   0.00e+00   0.0%
----------------------------------------------------------------
Total                  1.22e-04   2.80e-05   6.28e-07   1.50e-04 100.0%
                          81.0%      18.6%       0.4%


======================= Typical Corner ===================================
Group                  Internal  Switching    Leakage      Total
                          Power      Power      Power      Power (Watts)
----------------------------------------------------------------
Sequential             1.64e-04   1.94e-05   4.51e-08   1.83e-04  71.5%
Combinational          4.33e-05   2.96e-05   2.58e-10   7.29e-05  28.5%
Clock                  0.00e+00   0.00e+00   0.00e+00   0.00e+00   0.0%
Macro                  0.00e+00   0.00e+00   0.00e+00   0.00e+00   0.0%
Pad                    0.00e+00   0.00e+00   0.00e+00   0.00e+00   0.0%
----------------------------------------------------------------
Total                  2.07e-04   4.90e-05   4.53e-08   2.56e-04 100.0%
                          80.8%      19.1%       0.0%

===========================================================================
(VCD Power Analysis) report_power
============================================================================
read_vcd -scope pwm_ramp_tb/u_pwm_ramp sim/dump_pwm_ramp.vcd
Annotated 19 pin activities.

======================= Fastest Corner ===================================
Group                  Internal  Switching    Leakage      Total
                          Power      Power      Power      Power (Watts)
----------------------------------------------------------------
Sequential             1.94e-04   2.63e-05   4.64e-10   2.20e-04  69.5%
Combinational          5.09e-05   4.56e-05   6.09e-10   9.65e-05  30.5%
Clock                  0.00e+00   0.00e+00   0.00e+00   0.00e+00   0.0%
Macro                  0.00e+00   0.00e+00   0.00e+00   0.00e+00   0.0%
Pad                    0.00e+00   0.00e+00   0.00e+00   0.00e+00   0.0%
----------------------------------------------------------------
Total                  2.45e-04   7.19e-05   1.07e-09   3.17e-04 100.0%
                          77.3%      22.7%       0.0%


======================= Slowest Corner ===================================
Group                  Internal  Switching    Leakage      Total
                          Power      Power      Power      Power (Watts)
----------------------------------------------------------------
Sequential             9.76e-05   1.27e-05   3.91e-07   1.11e-04  68.3%
Combinational          2.95e-05   2.17e-05   2.38e-07   5.14e-05  31.7%
Clock                  0.00e+00   0.00e+00   0.00e+00   0.00e+00   0.0%
Macro                  0.00e+00   0.00e+00   0.00e+00   0.00e+00   0.0%
Pad                    0.00e+00   0.00e+00   0.00e+00   0.00e+00   0.0%
----------------------------------------------------------------
Total                  1.27e-04   3.44e-05   6.29e-07   1.62e-04 100.0%
                          78.4%      21.2%       0.4%


======================= Typical Corner ===================================
Group                  Internal  Switching    Leakage      Total
                          Power      Power      Power      Power (Watts)
----------------------------------------------------------------
Sequential             1.68e-04   2.21e-05   3.87e-10   1.90e-04  68.7%
Combinational          4.85e-05   3.81e-05   2.55e-10   8.66e-05  31.3%
Clock                  0.00e+00   0.00e+00   0.00e+00   0.00e+00   0.0%
Macro                  0.00e+00   0.00e+00   0.00e+00   0.00e+00   0.0%
Pad                    0.00e+00   0.00e+00   0.00e+00   0.00e+00   0.0%
----------------------------------------------------------------
Total                  2.16e-04   6.02e-05   6.42e-10   2.76e-04 100.0%
                          78.2%      21.8%       0.0%

