OpenSTA 2.6.2 ce98bde188 Copyright (c) 2025, Parallax Software, Inc.
License GPLv3: GNU GPL version 3 <http://gnu.org/licenses/gpl.html>

This is free software, and you are free to change and redistribute it
under certain conditions; type `show_copying' for details. 
This program comes with ABSOLUTELY NO WARRANTY; for details type `show_warranty'.

===========================================================================
Define corners Slowest Typical Fastest
===========================================================================

define_corners Slowest Typical Fastest

===========================================================================
Read liberty files
===========================================================================

read_liberty -corner Slowest lib/sky130_fd_sc_hd__ss_100C_1v40.lib
read_liberty -corner Typical lib/sky130_fd_sc_hd__tt_025C_1v80.lib
read_liberty -corner Fastest lib/sky130_fd_sc_hd__ff_n40C_1v95.lib

===========================================================================
Read verilog and link top module
===========================================================================

read_verilog syn/spi_host_synth.v
link_design spi_host

===========================================================================
Read SDC
===========================================================================

read_sdc signoff/spi_host.sdc


===========================================================================
(Probability Power Analysis) report_power
============================================================================
set_power_activity -input -activity .10
set_power_activity -input_port rst_ni -activity 0

======================= Fastest Corner ===================================
Group                  Internal  Switching    Leakage      Total
                          Power      Power      Power      Power (Watts)
----------------------------------------------------------------
Sequential             6.30e-04   9.70e-06   6.99e-08   6.40e-04  94.3%
Combinational          1.96e-05   1.90e-05   1.48e-09   3.87e-05   5.7%
Clock                  0.00e+00   0.00e+00   0.00e+00   0.00e+00   0.0%
Macro                  0.00e+00   0.00e+00   0.00e+00   0.00e+00   0.0%
Pad                    0.00e+00   0.00e+00   0.00e+00   0.00e+00   0.0%
----------------------------------------------------------------
Total                  6.50e-04   2.87e-05   7.14e-08   6.79e-04 100.0%
                          95.8%       4.2%       0.0%


======================= Slowest Corner ===================================
Group                  Internal  Switching    Leakage      Total
                          Power      Power      Power      Power (Watts)
----------------------------------------------------------------
Sequential             3.09e-04   4.67e-06   1.40e-06   3.15e-04  93.9%
Combinational          1.08e-05   9.04e-06   7.86e-07   2.06e-05   6.1%
Clock                  0.00e+00   0.00e+00   0.00e+00   0.00e+00   0.0%
Macro                  0.00e+00   0.00e+00   0.00e+00   0.00e+00   0.0%
Pad                    0.00e+00   0.00e+00   0.00e+00   0.00e+00   0.0%
----------------------------------------------------------------
Total                  3.19e-04   1.37e-05   2.18e-06   3.35e-04 100.0%
                          95.3%       4.1%       0.7%


======================= Typical Corner ===================================
Group                  Internal  Switching    Leakage      Total
                          Power      Power      Power      Power (Watts)
----------------------------------------------------------------
Sequential             5.45e-04   8.11e-06   6.91e-08   5.53e-04  94.2%
Combinational          1.79e-05   1.59e-05   8.62e-10   3.39e-05   5.8%
Clock                  0.00e+00   0.00e+00   0.00e+00   0.00e+00   0.0%
Macro                  0.00e+00   0.00e+00   0.00e+00   0.00e+00   0.0%
Pad                    0.00e+00   0.00e+00   0.00e+00   0.00e+00   0.0%
----------------------------------------------------------------
Total                  5.63e-04   2.40e-05   6.99e-08   5.87e-04 100.0%
                          95.9%       4.1%       0.0%

===========================================================================
(VCD Power Analysis) report_power
============================================================================
read_vcd -scope spi_host_tb/u_spi_host sim/dump_spi_host.vcd
Annotated 182 pin activities.

======================= Fastest Corner ===================================
Group                  Internal  Switching    Leakage      Total
                          Power      Power      Power      Power (Watts)
----------------------------------------------------------------
Sequential             6.02e-04   1.83e-07   2.62e-09   6.02e-04  99.9%
Combinational          3.82e-07   4.90e-07   1.43e-09   8.73e-07   0.1%
Clock                  0.00e+00   0.00e+00   0.00e+00   0.00e+00   0.0%
Macro                  0.00e+00   0.00e+00   0.00e+00   0.00e+00   0.0%
Pad                    0.00e+00   0.00e+00   0.00e+00   0.00e+00   0.0%
----------------------------------------------------------------
Total                  6.02e-04   6.73e-07   4.05e-09   6.03e-04 100.0%
                          99.9%       0.1%       0.0%


======================= Slowest Corner ===================================
Group                  Internal  Switching    Leakage      Total
                          Power      Power      Power      Power (Watts)
----------------------------------------------------------------
Sequential             2.94e-04   9.01e-08   1.34e-06   2.95e-04  99.6%
Combinational          2.04e-07   2.35e-07   7.72e-07   1.21e-06   0.4%
Clock                  0.00e+00   0.00e+00   0.00e+00   0.00e+00   0.0%
Macro                  0.00e+00   0.00e+00   0.00e+00   0.00e+00   0.0%
Pad                    0.00e+00   0.00e+00   0.00e+00   0.00e+00   0.0%
----------------------------------------------------------------
Total                  2.94e-04   3.25e-07   2.11e-06   2.96e-04 100.0%
                          99.2%       0.1%       0.7%


======================= Typical Corner ===================================
Group                  Internal  Switching    Leakage      Total
                          Power      Power      Power      Power (Watts)
----------------------------------------------------------------
Sequential             5.20e-04   1.55e-07   1.67e-09   5.20e-04  99.9%
Combinational          3.42e-07   4.13e-07   8.40e-10   7.56e-07   0.1%
Clock                  0.00e+00   0.00e+00   0.00e+00   0.00e+00   0.0%
Macro                  0.00e+00   0.00e+00   0.00e+00   0.00e+00   0.0%
Pad                    0.00e+00   0.00e+00   0.00e+00   0.00e+00   0.0%
----------------------------------------------------------------
Total                  5.20e-04   5.68e-07   2.51e-09   5.21e-04 100.0%
                          99.9%       0.1%       0.0%

